#
# There is insufficient memory for the Java Runtime Environment to continue.
# Native memory allocation (malloc) failed to allocate 580896 bytes. Error detail: Chunk::new
# Possible reasons:
#   The system is out of physical RAM or swap space
#   This process is running with CompressedOops enabled, and the Java Heap may be blocking the growth of the native heap
# Possible solutions:
#   Reduce memory load on the system
#   Increase physical memory or swap space
#   Check if swap backing store is full
#   Decrease Java heap size (-Xmx/-Xms)
#   Decrease number of Java threads
#   Decrease Java thread stack sizes (-Xss)
#   Set larger code cache with -XX:ReservedCodeCacheSize=
#   JVM is running with Unscaled Compressed Oops mode in which the Java heap is
#     placed in the first 4GB address space. The Java Heap base address is the
#     maximum limit for the native heap growth. Please use -XX:HeapBaseMinAddress
#     to set the Java Heap base and to place the Java Heap above 4GB virtual address.
# This output file may be truncated or incomplete.
#
#  Out of Memory Error (arena.cpp:168), pid=19692, tid=10664
#
# JRE version: OpenJDK Runtime Environment Temurin-21.0.9+10 (21.0.9+10) (build 21.0.9+10-LTS)
# Java VM: OpenJDK 64-Bit Server VM Temurin-21.0.9+10 (21.0.9+10-LTS, mixed mode, sharing, tiered, compressed oops, compressed class ptrs, g1 gc, windows-amd64)
# No core dump will be written. Minidumps are not enabled by default on client versions of Windows
#

---------------  S U M M A R Y ------------

Command Line: -Dfile.encoding=UTF-8 -Dstdout.encoding=UTF-8 -Dstderr.encoding=UTF-8 -XX:+ShowCodeDetailsInExceptionMessages Main

Host: AMD Ryzen 5 5500U with Radeon Graphics         , 12 cores, 7G,  Windows 11 , 64 bit Build 22621 (10.0.22621.5415)
Time: Sat Mar 28 12:48:31 2026 India Standard Time elapsed time: 46.072009 seconds (0d 0h 0m 46s)

---------------  T H R E A D  ---------------

Current thread (0x000001e722394ef0):  JavaThread "C2 CompilerThread0" daemon [_thread_in_native, id=10664, stack(0x00000083b5800000,0x00000083b5900000) (1024K)]


Current CompileTask:
C2:46072 1746   !   4       sun.awt.PostEventQueue::flush (168 bytes)

Stack: [0x00000083b5800000,0x00000083b5900000]
Native frames: (J=compiled Java code, j=interpreted, Vv=VM code, C=native code)
V  [jvm.dll+0x6d6e29]
V  [jvm.dll+0x8b4b76]
V  [jvm.dll+0x8b712e]
V  [jvm.dll+0x8b7813]
V  [jvm.dll+0x283d86]
V  [jvm.dll+0xc66ed]
V  [jvm.dll+0xc6c31]
V  [jvm.dll+0x2facee]
V  [jvm.dll+0x5fde44]
V  [jvm.dll+0x255557]
V  [jvm.dll+0x24db6a]
V  [jvm.dll+0x24b482]
V  [jvm.dll+0x1cb13e]
V  [jvm.dll+0x25b29d]
V  [jvm.dll+0x25982a]
V  [jvm.dll+0x3f7ea6]
V  [jvm.dll+0x85e9ad]
V  [jvm.dll+0x6d565d]
C  [ucrtbase.dll+0x29333]
C  [KERNEL32.DLL+0x1259d]
C  [ntdll.dll+0x5af78]


---------------  P R O C E S S  ---------------

Threads class SMR info:
_java_thread_list=0x000001e7690dc490, length=17, elements={
0x000001e722361250, 0x000001e722361ca0, 0x000001e722364ae0, 0x000001e722385bb0,
0x000001e7223885f0, 0x000001e722393490, 0x000001e722394ef0, 0x000001e722396aa0,
0x000001e7224d75f0, 0x000001e7224dc040, 0x000001e7226bebd0, 0x000001e7226bfe60,
0x000001e7226c3840, 0x000001e768bba450, 0x000001e708131ef0, 0x000001e7224f7a00,
0x000001e769143900
}

Java Threads: ( => current thread )
  0x000001e722361250 JavaThread "Reference Handler"          daemon [_thread_blocked, id=23184, stack(0x00000083b5200000,0x00000083b5300000) (1024K)]
  0x000001e722361ca0 JavaThread "Finalizer"                  daemon [_thread_blocked, id=21548, stack(0x00000083b5300000,0x00000083b5400000) (1024K)]
  0x000001e722364ae0 JavaThread "Signal Dispatcher"          daemon [_thread_blocked, id=23348, stack(0x00000083b5400000,0x00000083b5500000) (1024K)]
  0x000001e722385bb0 JavaThread "Attach Listener"            daemon [_thread_blocked, id=9608, stack(0x00000083b5500000,0x00000083b5600000) (1024K)]
  0x000001e7223885f0 JavaThread "Service Thread"             daemon [_thread_blocked, id=22792, stack(0x00000083b5600000,0x00000083b5700000) (1024K)]
  0x000001e722393490 JavaThread "Monitor Deflation Thread"   daemon [_thread_blocked, id=22740, stack(0x00000083b5700000,0x00000083b5800000) (1024K)]
=>0x000001e722394ef0 JavaThread "C2 CompilerThread0"         daemon [_thread_in_native, id=10664, stack(0x00000083b5800000,0x00000083b5900000) (1024K)]
  0x000001e722396aa0 JavaThread "C1 CompilerThread0"         daemon [_thread_blocked, id=22604, stack(0x00000083b5900000,0x00000083b5a00000) (1024K)]
  0x000001e7224d75f0 JavaThread "Notification Thread"        daemon [_thread_blocked, id=1940, stack(0x00000083b5a00000,0x00000083b5b00000) (1024K)]
  0x000001e7224dc040 JavaThread "Common-Cleaner"             daemon [_thread_blocked, id=21288, stack(0x00000083b5b00000,0x00000083b5c00000) (1024K)]
  0x000001e7226bebd0 JavaThread "Java2D Disposer"            daemon [_thread_blocked, id=23436, stack(0x00000083b5c00000,0x00000083b5d00000) (1024K)]
  0x000001e7226bfe60 JavaThread "AWT-Shutdown"                      [_thread_blocked, id=16464, stack(0x00000083b5d00000,0x00000083b5e00000) (1024K)]
  0x000001e7226c3840 JavaThread "AWT-Windows"                daemon [_thread_in_native, id=10652, stack(0x00000083b5e00000,0x00000083b5f00000) (1024K)]
  0x000001e768bba450 JavaThread "AWT-EventQueue-0"                  [_thread_blocked, id=8612, stack(0x00000083b6800000,0x00000083b6900000) (1024K)]
  0x000001e708131ef0 JavaThread "DestroyJavaVM"                     [_thread_blocked, id=5160, stack(0x00000083b4a00000,0x00000083b4b00000) (1024K)]
  0x000001e7224f7a00 JavaThread "D3D Screen Updater"         daemon [_thread_blocked, id=5048, stack(0x00000083b6a00000,0x00000083b6b00000) (1024K)]
  0x000001e769143900 JavaThread "TimerQueue"                 daemon [_thread_blocked, id=23300, stack(0x00000083b6d00000,0x00000083b6e00000) (1024K)]
Total: 17

Other Threads:
  0x000001e72234d130 VMThread "VM Thread"                           [id=22200, stack(0x00000083b5100000,0x00000083b5200000) (1024K)]
  0x000001e7223398d0 WatcherThread "VM Periodic Task Thread"        [id=4000, stack(0x00000083b5000000,0x00000083b5100000) (1024K)]
  0x000001e70a3d0de0 WorkerThread "GC Thread#0"                     [id=23476, stack(0x00000083b4b00000,0x00000083b4c00000) (1024K)]
  0x000001e70a3e1450 ConcurrentGCThread "G1 Main Marker"            [id=21144, stack(0x00000083b4c00000,0x00000083b4d00000) (1024K)]
  0x000001e70a3e1f50 WorkerThread "G1 Conc#0"                       [id=21780, stack(0x00000083b4d00000,0x00000083b4e00000) (1024K)]
  0x000001e72220a130 ConcurrentGCThread "G1 Refine#0"               [id=4628, stack(0x00000083b4e00000,0x00000083b4f00000) (1024K)]
  0x000001e72220aab0 ConcurrentGCThread "G1 Service"                [id=19704, stack(0x00000083b4f00000,0x00000083b5000000) (1024K)]
Total: 7

Threads with active compile tasks:
C2 CompilerThread0  46105 1746   !   4       sun.awt.PostEventQueue::flush (168 bytes)
Total: 1

VM state: not at safepoint (normal execution)

VM Mutex/Monitor currently owned by a thread: None

Heap address: 0x000000008ac00000, size: 1876 MB, Compressed Oops mode: 32-bit

CDS archive(s) mapped at: [0x000001e723000000-0x000001e723c80000-0x000001e723c80000), size 13107200, SharedBaseAddress: 0x000001e723000000, ArchiveRelocationMode: 1.
Compressed class space mapped at: 0x000001e724000000-0x000001e764000000, reserved size: 1073741824
Narrow klass base: 0x000001e723000000, Narrow klass shift: 0, Narrow klass range: 0x100000000

GC Precious Log:
 CardTable entry size: 512
 Card Set container configuration: InlinePtr #cards 5 size 8 Array Of Cards #cards 12 size 40 Howl #buckets 4 coarsen threshold 1843 Howl Bitmap #cards 512 size 80 coarsen threshold 460 Card regions per heap region 1 cards per card region 2048
 CPUs: 12 total, 12 available
 Memory: 7502M
 Large Page Support: Disabled
 NUMA Support: Disabled
 Compressed Oops: Enabled (32-bit)
 Heap Region Size: 1M
 Heap Min Capacity: 8M
 Heap Initial Capacity: 118M
 Heap Max Capacity: 1876M
 Pre-touch: Disabled
 Parallel Workers: 10
 Concurrent Workers: 3
 Concurrent Refinement Workers: 10
 Periodic GC: Disabled

Heap:
 garbage-first heap   total 120832K, used 12288K [0x000000008ac00000, 0x0000000100000000)
  region size 1024K, 13 young (13312K), 0 survivors (0K)
 Metaspace       used 10669K, committed 10880K, reserved 1114112K
  class space    used 1238K, committed 1344K, reserved 1048576K

Heap Regions: E=young(eden), S=young(survivor), O=old, HS=humongous(starts), HC=humongous(continues), CS=collection set, F=free, TAMS=top-at-mark-start, PB=parsable bottom
|   0|0x000000008ac00000, 0x000000008ac00000, 0x000000008ad00000|  0%| F|  |TAMS 0x000000008ac00000| PB 0x000000008ac00000| Untracked 
|   1|0x000000008ad00000, 0x000000008ad00000, 0x000000008ae00000|  0%| F|  |TAMS 0x000000008ad00000| PB 0x000000008ad00000| Untracked 
|   2|0x000000008ae00000, 0x000000008ae00000, 0x000000008af00000|  0%| F|  |TAMS 0x000000008ae00000| PB 0x000000008ae00000| Untracked 
|   3|0x000000008af00000, 0x000000008af00000, 0x000000008b000000|  0%| F|  |TAMS 0x000000008af00000| PB 0x000000008af00000| Untracked 
|   4|0x000000008b000000, 0x000000008b000000, 0x000000008b100000|  0%| F|  |TAMS 0x000000008b000000| PB 0x000000008b000000| Untracked 
|   5|0x000000008b100000, 0x000000008b100000, 0x000000008b200000|  0%| F|  |TAMS 0x000000008b100000| PB 0x000000008b100000| Untracked 
|   6|0x000000008b200000, 0x000000008b200000, 0x000000008b300000|  0%| F|  |TAMS 0x000000008b200000| PB 0x000000008b200000| Untracked 
|   7|0x000000008b300000, 0x000000008b300000, 0x000000008b400000|  0%| F|  |TAMS 0x000000008b300000| PB 0x000000008b300000| Untracked 
|   8|0x000000008b400000, 0x000000008b400000, 0x000000008b500000|  0%| F|  |TAMS 0x000000008b400000| PB 0x000000008b400000| Untracked 
|   9|0x000000008b500000, 0x000000008b500000, 0x000000008b600000|  0%| F|  |TAMS 0x000000008b500000| PB 0x000000008b500000| Untracked 
|  10|0x000000008b600000, 0x000000008b600000, 0x000000008b700000|  0%| F|  |TAMS 0x000000008b600000| PB 0x000000008b600000| Untracked 
|  11|0x000000008b700000, 0x000000008b700000, 0x000000008b800000|  0%| F|  |TAMS 0x000000008b700000| PB 0x000000008b700000| Untracked 
|  12|0x000000008b800000, 0x000000008b800000, 0x000000008b900000|  0%| F|  |TAMS 0x000000008b800000| PB 0x000000008b800000| Untracked 
|  13|0x000000008b900000, 0x000000008b900000, 0x000000008ba00000|  0%| F|  |TAMS 0x000000008b900000| PB 0x000000008b900000| Untracked 
|  14|0x000000008ba00000, 0x000000008ba00000, 0x000000008bb00000|  0%| F|  |TAMS 0x000000008ba00000| PB 0x000000008ba00000| Untracked 
|  15|0x000000008bb00000, 0x000000008bb00000, 0x000000008bc00000|  0%| F|  |TAMS 0x000000008bb00000| PB 0x000000008bb00000| Untracked 
|  16|0x000000008bc00000, 0x000000008bc00000, 0x000000008bd00000|  0%| F|  |TAMS 0x000000008bc00000| PB 0x000000008bc00000| Untracked 
|  17|0x000000008bd00000, 0x000000008bd00000, 0x000000008be00000|  0%| F|  |TAMS 0x000000008bd00000| PB 0x000000008bd00000| Untracked 
|  18|0x000000008be00000, 0x000000008be00000, 0x000000008bf00000|  0%| F|  |TAMS 0x000000008be00000| PB 0x000000008be00000| Untracked 
|  19|0x000000008bf00000, 0x000000008bf00000, 0x000000008c000000|  0%| F|  |TAMS 0x000000008bf00000| PB 0x000000008bf00000| Untracked 
|  20|0x000000008c000000, 0x000000008c000000, 0x000000008c100000|  0%| F|  |TAMS 0x000000008c000000| PB 0x000000008c000000| Untracked 
|  21|0x000000008c100000, 0x000000008c100000, 0x000000008c200000|  0%| F|  |TAMS 0x000000008c100000| PB 0x000000008c100000| Untracked 
|  22|0x000000008c200000, 0x000000008c200000, 0x000000008c300000|  0%| F|  |TAMS 0x000000008c200000| PB 0x000000008c200000| Untracked 
|  23|0x000000008c300000, 0x000000008c300000, 0x000000008c400000|  0%| F|  |TAMS 0x000000008c300000| PB 0x000000008c300000| Untracked 
|  24|0x000000008c400000, 0x000000008c400000, 0x000000008c500000|  0%| F|  |TAMS 0x000000008c400000| PB 0x000000008c400000| Untracked 
|  25|0x000000008c500000, 0x000000008c500000, 0x000000008c600000|  0%| F|  |TAMS 0x000000008c500000| PB 0x000000008c500000| Untracked 
|  26|0x000000008c600000, 0x000000008c600000, 0x000000008c700000|  0%| F|  |TAMS 0x000000008c600000| PB 0x000000008c600000| Untracked 
|  27|0x000000008c700000, 0x000000008c700000, 0x000000008c800000|  0%| F|  |TAMS 0x000000008c700000| PB 0x000000008c700000| Untracked 
|  28|0x000000008c800000, 0x000000008c800000, 0x000000008c900000|  0%| F|  |TAMS 0x000000008c800000| PB 0x000000008c800000| Untracked 
|  29|0x000000008c900000, 0x000000008c900000, 0x000000008ca00000|  0%| F|  |TAMS 0x000000008c900000| PB 0x000000008c900000| Untracked 
|  30|0x000000008ca00000, 0x000000008ca00000, 0x000000008cb00000|  0%| F|  |TAMS 0x000000008ca00000| PB 0x000000008ca00000| Untracked 
|  31|0x000000008cb00000, 0x000000008cb00000, 0x000000008cc00000|  0%| F|  |TAMS 0x000000008cb00000| PB 0x000000008cb00000| Untracked 
|  32|0x000000008cc00000, 0x000000008cc00000, 0x000000008cd00000|  0%| F|  |TAMS 0x000000008cc00000| PB 0x000000008cc00000| Untracked 
|  33|0x000000008cd00000, 0x000000008cd00000, 0x000000008ce00000|  0%| F|  |TAMS 0x000000008cd00000| PB 0x000000008cd00000| Untracked 
|  34|0x000000008ce00000, 0x000000008ce00000, 0x000000008cf00000|  0%| F|  |TAMS 0x000000008ce00000| PB 0x000000008ce00000| Untracked 
|  35|0x000000008cf00000, 0x000000008cf00000, 0x000000008d000000|  0%| F|  |TAMS 0x000000008cf00000| PB 0x000000008cf00000| Untracked 
|  36|0x000000008d000000, 0x000000008d000000, 0x000000008d100000|  0%| F|  |TAMS 0x000000008d000000| PB 0x000000008d000000| Untracked 
|  37|0x000000008d100000, 0x000000008d100000, 0x000000008d200000|  0%| F|  |TAMS 0x000000008d100000| PB 0x000000008d100000| Untracked 
|  38|0x000000008d200000, 0x000000008d200000, 0x000000008d300000|  0%| F|  |TAMS 0x000000008d200000| PB 0x000000008d200000| Untracked 
|  39|0x000000008d300000, 0x000000008d300000, 0x000000008d400000|  0%| F|  |TAMS 0x000000008d300000| PB 0x000000008d300000| Untracked 
|  40|0x000000008d400000, 0x000000008d400000, 0x000000008d500000|  0%| F|  |TAMS 0x000000008d400000| PB 0x000000008d400000| Untracked 
|  41|0x000000008d500000, 0x000000008d500000, 0x000000008d600000|  0%| F|  |TAMS 0x000000008d500000| PB 0x000000008d500000| Untracked 
|  42|0x000000008d600000, 0x000000008d600000, 0x000000008d700000|  0%| F|  |TAMS 0x000000008d600000| PB 0x000000008d600000| Untracked 
|  43|0x000000008d700000, 0x000000008d700000, 0x000000008d800000|  0%| F|  |TAMS 0x000000008d700000| PB 0x000000008d700000| Untracked 
|  44|0x000000008d800000, 0x000000008d800000, 0x000000008d900000|  0%| F|  |TAMS 0x000000008d800000| PB 0x000000008d800000| Untracked 
|  45|0x000000008d900000, 0x000000008d900000, 0x000000008da00000|  0%| F|  |TAMS 0x000000008d900000| PB 0x000000008d900000| Untracked 
|  46|0x000000008da00000, 0x000000008da00000, 0x000000008db00000|  0%| F|  |TAMS 0x000000008da00000| PB 0x000000008da00000| Untracked 
|  47|0x000000008db00000, 0x000000008db00000, 0x000000008dc00000|  0%| F|  |TAMS 0x000000008db00000| PB 0x000000008db00000| Untracked 
|  48|0x000000008dc00000, 0x000000008dc00000, 0x000000008dd00000|  0%| F|  |TAMS 0x000000008dc00000| PB 0x000000008dc00000| Untracked 
|  49|0x000000008dd00000, 0x000000008dd00000, 0x000000008de00000|  0%| F|  |TAMS 0x000000008dd00000| PB 0x000000008dd00000| Untracked 
|  50|0x000000008de00000, 0x000000008de00000, 0x000000008df00000|  0%| F|  |TAMS 0x000000008de00000| PB 0x000000008de00000| Untracked 
|  51|0x000000008df00000, 0x000000008df00000, 0x000000008e000000|  0%| F|  |TAMS 0x000000008df00000| PB 0x000000008df00000| Untracked 
|  52|0x000000008e000000, 0x000000008e000000, 0x000000008e100000|  0%| F|  |TAMS 0x000000008e000000| PB 0x000000008e000000| Untracked 
|  53|0x000000008e100000, 0x000000008e100000, 0x000000008e200000|  0%| F|  |TAMS 0x000000008e100000| PB 0x000000008e100000| Untracked 
|  54|0x000000008e200000, 0x000000008e200000, 0x000000008e300000|  0%| F|  |TAMS 0x000000008e200000| PB 0x000000008e200000| Untracked 
|  55|0x000000008e300000, 0x000000008e300000, 0x000000008e400000|  0%| F|  |TAMS 0x000000008e300000| PB 0x000000008e300000| Untracked 
|  56|0x000000008e400000, 0x000000008e400000, 0x000000008e500000|  0%| F|  |TAMS 0x000000008e400000| PB 0x000000008e400000| Untracked 
|  57|0x000000008e500000, 0x000000008e500000, 0x000000008e600000|  0%| F|  |TAMS 0x000000008e500000| PB 0x000000008e500000| Untracked 
|  58|0x000000008e600000, 0x000000008e600000, 0x000000008e700000|  0%| F|  |TAMS 0x000000008e600000| PB 0x000000008e600000| Untracked 
|  59|0x000000008e700000, 0x000000008e700000, 0x000000008e800000|  0%| F|  |TAMS 0x000000008e700000| PB 0x000000008e700000| Untracked 
|  60|0x000000008e800000, 0x000000008e800000, 0x000000008e900000|  0%| F|  |TAMS 0x000000008e800000| PB 0x000000008e800000| Untracked 
|  61|0x000000008e900000, 0x000000008e900000, 0x000000008ea00000|  0%| F|  |TAMS 0x000000008e900000| PB 0x000000008e900000| Untracked 
|  62|0x000000008ea00000, 0x000000008ea00000, 0x000000008eb00000|  0%| F|  |TAMS 0x000000008ea00000| PB 0x000000008ea00000| Untracked 
|  63|0x000000008eb00000, 0x000000008eb00000, 0x000000008ec00000|  0%| F|  |TAMS 0x000000008eb00000| PB 0x000000008eb00000| Untracked 
|  64|0x000000008ec00000, 0x000000008ec00000, 0x000000008ed00000|  0%| F|  |TAMS 0x000000008ec00000| PB 0x000000008ec00000| Untracked 
|  65|0x000000008ed00000, 0x000000008ed00000, 0x000000008ee00000|  0%| F|  |TAMS 0x000000008ed00000| PB 0x000000008ed00000| Untracked 
|  66|0x000000008ee00000, 0x000000008ee00000, 0x000000008ef00000|  0%| F|  |TAMS 0x000000008ee00000| PB 0x000000008ee00000| Untracked 
|  67|0x000000008ef00000, 0x000000008ef00000, 0x000000008f000000|  0%| F|  |TAMS 0x000000008ef00000| PB 0x000000008ef00000| Untracked 
|  68|0x000000008f000000, 0x000000008f000000, 0x000000008f100000|  0%| F|  |TAMS 0x000000008f000000| PB 0x000000008f000000| Untracked 
|  69|0x000000008f100000, 0x000000008f100000, 0x000000008f200000|  0%| F|  |TAMS 0x000000008f100000| PB 0x000000008f100000| Untracked 
|  70|0x000000008f200000, 0x000000008f200000, 0x000000008f300000|  0%| F|  |TAMS 0x000000008f200000| PB 0x000000008f200000| Untracked 
|  71|0x000000008f300000, 0x000000008f300000, 0x000000008f400000|  0%| F|  |TAMS 0x000000008f300000| PB 0x000000008f300000| Untracked 
|  72|0x000000008f400000, 0x000000008f400000, 0x000000008f500000|  0%| F|  |TAMS 0x000000008f400000| PB 0x000000008f400000| Untracked 
|  73|0x000000008f500000, 0x000000008f500000, 0x000000008f600000|  0%| F|  |TAMS 0x000000008f500000| PB 0x000000008f500000| Untracked 
|  74|0x000000008f600000, 0x000000008f600000, 0x000000008f700000|  0%| F|  |TAMS 0x000000008f600000| PB 0x000000008f600000| Untracked 
|  75|0x000000008f700000, 0x000000008f700000, 0x000000008f800000|  0%| F|  |TAMS 0x000000008f700000| PB 0x000000008f700000| Untracked 
|  76|0x000000008f800000, 0x000000008f800000, 0x000000008f900000|  0%| F|  |TAMS 0x000000008f800000| PB 0x000000008f800000| Untracked 
|  77|0x000000008f900000, 0x000000008f900000, 0x000000008fa00000|  0%| F|  |TAMS 0x000000008f900000| PB 0x000000008f900000| Untracked 
|  78|0x000000008fa00000, 0x000000008fa00000, 0x000000008fb00000|  0%| F|  |TAMS 0x000000008fa00000| PB 0x000000008fa00000| Untracked 
|  79|0x000000008fb00000, 0x000000008fb00000, 0x000000008fc00000|  0%| F|  |TAMS 0x000000008fb00000| PB 0x000000008fb00000| Untracked 
|  80|0x000000008fc00000, 0x000000008fc00000, 0x000000008fd00000|  0%| F|  |TAMS 0x000000008fc00000| PB 0x000000008fc00000| Untracked 
|  81|0x000000008fd00000, 0x000000008fd00000, 0x000000008fe00000|  0%| F|  |TAMS 0x000000008fd00000| PB 0x000000008fd00000| Untracked 
|  82|0x000000008fe00000, 0x000000008fe00000, 0x000000008ff00000|  0%| F|  |TAMS 0x000000008fe00000| PB 0x000000008fe00000| Untracked 
|  83|0x000000008ff00000, 0x000000008ff00000, 0x0000000090000000|  0%| F|  |TAMS 0x000000008ff00000| PB 0x000000008ff00000| Untracked 
|  84|0x0000000090000000, 0x0000000090000000, 0x0000000090100000|  0%| F|  |TAMS 0x0000000090000000| PB 0x0000000090000000| Untracked 
|  85|0x0000000090100000, 0x0000000090100000, 0x0000000090200000|  0%| F|  |TAMS 0x0000000090100000| PB 0x0000000090100000| Untracked 
|  86|0x0000000090200000, 0x0000000090200000, 0x0000000090300000|  0%| F|  |TAMS 0x0000000090200000| PB 0x0000000090200000| Untracked 
|  87|0x0000000090300000, 0x0000000090300000, 0x0000000090400000|  0%| F|  |TAMS 0x0000000090300000| PB 0x0000000090300000| Untracked 
|  88|0x0000000090400000, 0x0000000090400000, 0x0000000090500000|  0%| F|  |TAMS 0x0000000090400000| PB 0x0000000090400000| Untracked 
|  89|0x0000000090500000, 0x0000000090500000, 0x0000000090600000|  0%| F|  |TAMS 0x0000000090500000| PB 0x0000000090500000| Untracked 
|  90|0x0000000090600000, 0x0000000090600000, 0x0000000090700000|  0%| F|  |TAMS 0x0000000090600000| PB 0x0000000090600000| Untracked 
|  91|0x0000000090700000, 0x0000000090700000, 0x0000000090800000|  0%| F|  |TAMS 0x0000000090700000| PB 0x0000000090700000| Untracked 
|  92|0x0000000090800000, 0x0000000090800000, 0x0000000090900000|  0%| F|  |TAMS 0x0000000090800000| PB 0x0000000090800000| Untracked 
|  93|0x0000000090900000, 0x0000000090900000, 0x0000000090a00000|  0%| F|  |TAMS 0x0000000090900000| PB 0x0000000090900000| Untracked 
|  94|0x0000000090a00000, 0x0000000090a00000, 0x0000000090b00000|  0%| F|  |TAMS 0x0000000090a00000| PB 0x0000000090a00000| Untracked 
|  95|0x0000000090b00000, 0x0000000090b00000, 0x0000000090c00000|  0%| F|  |TAMS 0x0000000090b00000| PB 0x0000000090b00000| Untracked 
|  96|0x0000000090c00000, 0x0000000090c00000, 0x0000000090d00000|  0%| F|  |TAMS 0x0000000090c00000| PB 0x0000000090c00000| Untracked 
|  97|0x0000000090d00000, 0x0000000090d00000, 0x0000000090e00000|  0%| F|  |TAMS 0x0000000090d00000| PB 0x0000000090d00000| Untracked 
|  98|0x0000000090e00000, 0x0000000090e00000, 0x0000000090f00000|  0%| F|  |TAMS 0x0000000090e00000| PB 0x0000000090e00000| Untracked 
|  99|0x0000000090f00000, 0x0000000090f00000, 0x0000000091000000|  0%| F|  |TAMS 0x0000000090f00000| PB 0x0000000090f00000| Untracked 
| 100|0x0000000091000000, 0x0000000091000000, 0x0000000091100000|  0%| F|  |TAMS 0x0000000091000000| PB 0x0000000091000000| Untracked 
| 101|0x0000000091100000, 0x0000000091100000, 0x0000000091200000|  0%| F|  |TAMS 0x0000000091100000| PB 0x0000000091100000| Untracked 
| 102|0x0000000091200000, 0x0000000091200000, 0x0000000091300000|  0%| F|  |TAMS 0x0000000091200000| PB 0x0000000091200000| Untracked 
| 103|0x0000000091300000, 0x0000000091300000, 0x0000000091400000|  0%| F|  |TAMS 0x0000000091300000| PB 0x0000000091300000| Untracked 
| 104|0x0000000091400000, 0x0000000091400000, 0x0000000091500000|  0%| F|  |TAMS 0x0000000091400000| PB 0x0000000091400000| Untracked 
| 105|0x0000000091500000, 0x0000000091575c50, 0x0000000091600000| 46%| E|  |TAMS 0x0000000091500000| PB 0x0000000091500000| Complete 
| 106|0x0000000091600000, 0x0000000091700000, 0x0000000091700000|100%| E|CS|TAMS 0x0000000091600000| PB 0x0000000091600000| Complete 
| 107|0x0000000091700000, 0x0000000091800000, 0x0000000091800000|100%| E|CS|TAMS 0x0000000091700000| PB 0x0000000091700000| Complete 
| 108|0x0000000091800000, 0x0000000091900000, 0x0000000091900000|100%| E|CS|TAMS 0x0000000091800000| PB 0x0000000091800000| Complete 
| 109|0x0000000091900000, 0x0000000091a00000, 0x0000000091a00000|100%| E|CS|TAMS 0x0000000091900000| PB 0x0000000091900000| Complete 
| 110|0x0000000091a00000, 0x0000000091b00000, 0x0000000091b00000|100%| E|CS|TAMS 0x0000000091a00000| PB 0x0000000091a00000| Complete 
| 111|0x0000000091b00000, 0x0000000091c00000, 0x0000000091c00000|100%| E|CS|TAMS 0x0000000091b00000| PB 0x0000000091b00000| Complete 
| 112|0x0000000091c00000, 0x0000000091d00000, 0x0000000091d00000|100%| E|CS|TAMS 0x0000000091c00000| PB 0x0000000091c00000| Complete 
| 113|0x0000000091d00000, 0x0000000091e00000, 0x0000000091e00000|100%| E|CS|TAMS 0x0000000091d00000| PB 0x0000000091d00000| Complete 
| 114|0x0000000091e00000, 0x0000000091f00000, 0x0000000091f00000|100%| E|CS|TAMS 0x0000000091e00000| PB 0x0000000091e00000| Complete 
| 115|0x0000000091f00000, 0x0000000092000000, 0x0000000092000000|100%| E|CS|TAMS 0x0000000091f00000| PB 0x0000000091f00000| Complete 
| 116|0x0000000092000000, 0x0000000092100000, 0x0000000092100000|100%| E|CS|TAMS 0x0000000092000000| PB 0x0000000092000000| Complete 
| 117|0x0000000092100000, 0x0000000092200000, 0x0000000092200000|100%| E|CS|TAMS 0x0000000092100000| PB 0x0000000092100000| Complete 

Card table byte_map: [0x000001e71d620000,0x000001e71d9d0000] _byte_map_base: 0x000001e71d1ca000

Marking Bits: (CMBitMap*) 0x000001e70a3d20f0
 Bits: [0x000001e71d9d0000, 0x000001e71f720000)

Polling page: 0x000001e709b40000

Metaspace:

Usage:
  Non-class:      9.21 MB used.
      Class:      1.21 MB used.
       Both:     10.42 MB used.

Virtual space:
  Non-class space:       64.00 MB reserved,       9.31 MB ( 15%) committed,  1 nodes.
      Class space:        1.00 GB reserved,       1.31 MB ( <1%) committed,  1 nodes.
             Both:        1.06 GB reserved,      10.62 MB ( <1%) committed. 

Chunk freelists:
   Non-Class:  6.48 MB
       Class:  14.74 MB
        Both:  21.22 MB

MaxMetaspaceSize: unlimited
CompressedClassSpaceSize: 1.00 GB
Initial GC threshold: 21.00 MB
Current GC threshold: 21.00 MB
CDS: on
 - commit_granule_bytes: 65536.
 - commit_granule_words: 8192.
 - virtual_space_node_default_size: 8388608.
 - enlarge_chunks_in_place: 1.
 - use_allocation_guard: 0.


Internal statistics:

num_allocs_failed_limit: 0.
num_arena_births: 166.
num_arena_deaths: 0.
num_vsnodes_births: 2.
num_vsnodes_deaths: 0.
num_space_committed: 170.
num_space_uncommitted: 0.
num_chunks_returned_to_freelist: 0.
num_chunks_taken_from_freelist: 232.
num_chunk_merges: 0.
num_chunk_splits: 126.
num_chunks_enlarged: 40.
num_inconsistent_stats: 0.

CodeHeap 'non-profiled nmethods': size=120000Kb used=461Kb max_used=461Kb free=119539Kb
 bounds [0x000001e7157f0000, 0x000001e715a60000, 0x000001e71cd20000]
CodeHeap 'profiled nmethods': size=120000Kb used=3233Kb max_used=3233Kb free=116766Kb
 bounds [0x000001e70dd20000, 0x000001e70e050000, 0x000001e715250000]
CodeHeap 'non-nmethods': size=5760Kb used=1506Kb max_used=1524Kb free=4253Kb
 bounds [0x000001e715250000, 0x000001e7154c0000, 0x000001e7157f0000]
CodeCache: size=245760Kb, used=5200Kb, max_used=5218Kb, free=240558Kb
 total_blobs=2405, nmethods=1745, adapters=564, full_count=0
Compilation: enabled, stopped_count=0, restarted_count=0

Compilation events (20 events):
Event: 43.196 Thread 0x000001e722396aa0 nmethod 1736 0x000001e715862e10 code [0x000001e715862fa0, 0x000001e715863070]
Event: 43.197 Thread 0x000001e722396aa0 1737       3       java.util.WeakHashMap::matchesKey (33 bytes)
Event: 43.198 Thread 0x000001e722396aa0 nmethod 1737 0x000001e70e043110 code [0x000001e70e043300, 0x000001e70e043808]
Event: 43.199 Thread 0x000001e722396aa0 1738       3       sun.util.locale.LocaleUtils::toLowerString (95 bytes)
Event: 43.200 Thread 0x000001e722396aa0 nmethod 1738 0x000001e70e043990 code [0x000001e70e043c60, 0x000001e70e044d00]
Event: 43.205 Thread 0x000001e722396aa0 1739       3       sun.java2d.SunGraphics2D::getTransform (50 bytes)
Event: 43.206 Thread 0x000001e722396aa0 nmethod 1739 0x000001e70e045390 code [0x000001e70e045560, 0x000001e70e045840]
Event: 45.573 Thread 0x000001e722396aa0 1740       3       sun.java2d.SunGraphics2D::setDevClip (21 bytes)
Event: 45.573 Thread 0x000001e722396aa0 nmethod 1740 0x000001e70e045990 code [0x000001e70e045b40, 0x000001e70e045c98]
Event: 45.573 Thread 0x000001e722396aa0 1741       3       sun.java2d.SunGraphics2D::setDevClip (45 bytes)
Event: 45.573 Thread 0x000001e722394ef0 1743       4       sun.java2d.pipe.RenderBuffer::putFloat (26 bytes)
Event: 45.573 Thread 0x000001e722396aa0 nmethod 1741 0x000001e70e045d90 code [0x000001e70e045f60, 0x000001e70e046238]
Event: 45.573 Thread 0x000001e722396aa0 1742       3       sun.java2d.pipe.Region::getInstanceXYWH (16 bytes)
Event: 45.573 Thread 0x000001e722396aa0 nmethod 1742 0x000001e70e046390 code [0x000001e70e046560, 0x000001e70e046808]
Event: 45.574 Thread 0x000001e722394ef0 nmethod 1743 0x000001e715863110 code [0x000001e7158632a0, 0x000001e715863360]
Event: 45.695 Thread 0x000001e722396aa0 1744       3       javax.swing.border.CompoundBorder::getBorderInsets (162 bytes)
Event: 45.696 Thread 0x000001e722396aa0 nmethod 1744 0x000001e70e046910 code [0x000001e70e046ae0, 0x000001e70e046f18]
Event: 45.696 Thread 0x000001e722396aa0 1745       3       javax.swing.plaf.basic.BasicBorders$MarginBorder::getBorderInsets (131 bytes)
Event: 45.697 Thread 0x000001e722396aa0 nmethod 1745 0x000001e70e047110 code [0x000001e70e047360, 0x000001e70e048208]
Event: 46.030 Thread 0x000001e722394ef0 1746   !   4       sun.awt.PostEventQueue::flush (168 bytes)

GC Heap History (0 events):
No events

Dll operation events (9 events):
Event: 0.124 Loaded shared library C:\Users\kovvu\Downloads\eclipse-java-2025-12-R-win32-x86_64\eclipse\plugins\org.eclipse.justj.openjdk.hotspot.jre.full.win32.x86_64_21.0.9.v20251105-0741\jre\bin\java.dll
Event: 0.201 Loaded shared library C:\Users\kovvu\Downloads\eclipse-java-2025-12-R-win32-x86_64\eclipse\plugins\org.eclipse.justj.openjdk.hotspot.jre.full.win32.x86_64_21.0.9.v20251105-0741\jre\bin\zip.dll
Event: 0.250 Loaded shared library C:\Users\kovvu\Downloads\eclipse-java-2025-12-R-win32-x86_64\eclipse\plugins\org.eclipse.justj.openjdk.hotspot.jre.full.win32.x86_64_21.0.9.v20251105-0741\jre\bin\jimage.dll
Event: 0.295 Loaded shared library C:\Users\kovvu\Downloads\eclipse-java-2025-12-R-win32-x86_64\eclipse\plugins\org.eclipse.justj.openjdk.hotspot.jre.full.win32.x86_64_21.0.9.v20251105-0741\jre\bin\net.dll
Event: 0.339 Loaded shared library C:\Users\kovvu\Downloads\eclipse-java-2025-12-R-win32-x86_64\eclipse\plugins\org.eclipse.justj.openjdk.hotspot.jre.full.win32.x86_64_21.0.9.v20251105-0741\jre\bin\nio.dll
Event: 0.388 Loaded shared library C:\Users\kovvu\Downloads\eclipse-java-2025-12-R-win32-x86_64\eclipse\plugins\org.eclipse.justj.openjdk.hotspot.jre.full.win32.x86_64_21.0.9.v20251105-0741\jre\bin\zip.dll
Event: 0.502 Loaded shared library C:\Users\kovvu\Downloads\eclipse-java-2025-12-R-win32-x86_64\eclipse\plugins\org.eclipse.justj.openjdk.hotspot.jre.full.win32.x86_64_21.0.9.v20251105-0741\jre\bin\awt.dll
Event: 0.818 Loaded shared library C:\Users\kovvu\Downloads\eclipse-java-2025-12-R-win32-x86_64\eclipse\plugins\org.eclipse.justj.openjdk.hotspot.jre.full.win32.x86_64_21.0.9.v20251105-0741\jre\bin\freetype.dll
Event: 0.860 Loaded shared library C:\Users\kovvu\Downloads\eclipse-java-2025-12-R-win32-x86_64\eclipse\plugins\org.eclipse.justj.openjdk.hotspot.jre.full.win32.x86_64_21.0.9.v20251105-0741\jre\bin\fontmanager.dll

Deoptimization events (20 events):
Event: 6.142 Thread 0x000001e768bba450 Uncommon trap: trap_request=0xffffffde fr.pc=0x000001e715816ac8 relative=0x00000000000001a8
Event: 6.142 Thread 0x000001e768bba450 Uncommon trap: reason=class_check action=maybe_recompile pc=0x000001e715816ac8 method=java.lang.String.equals(Ljava/lang/Object;)Z @ 8 c2
Event: 6.142 Thread 0x000001e768bba450 DEOPT PACKING pc=0x000001e715816ac8 sp=0x00000083b68fd000
Event: 6.142 Thread 0x000001e768bba450 DEOPT UNPACKING pc=0x000001e7152a4422 sp=0x00000083b68fcf98 mode 2
Event: 15.200 Thread 0x000001e768bba450 Uncommon trap: trap_request=0xffffffc6 fr.pc=0x000001e715839878 relative=0x0000000000000318
Event: 15.200 Thread 0x000001e768bba450 Uncommon trap: reason=bimorphic_or_optimized_type_check action=maybe_recompile pc=0x000001e715839878 method=java.util.HashMap.getNode(Ljava/lang/Object;)Ljava/util/HashMap$Node; @ 128 c2
Event: 15.200 Thread 0x000001e768bba450 DEOPT PACKING pc=0x000001e715839878 sp=0x00000083b68fdd80
Event: 15.200 Thread 0x000001e768bba450 DEOPT UNPACKING pc=0x000001e7152a4422 sp=0x00000083b68fdc98 mode 2
Event: 15.200 Thread 0x000001e768bba450 Uncommon trap: trap_request=0xffffffc6 fr.pc=0x000001e715839878 relative=0x0000000000000318
Event: 15.201 Thread 0x000001e768bba450 Uncommon trap: reason=bimorphic_or_optimized_type_check action=maybe_recompile pc=0x000001e715839878 method=java.util.HashMap.getNode(Ljava/lang/Object;)Ljava/util/HashMap$Node; @ 128 c2
Event: 15.201 Thread 0x000001e768bba450 DEOPT PACKING pc=0x000001e715839878 sp=0x00000083b68fdb10
Event: 15.201 Thread 0x000001e768bba450 DEOPT UNPACKING pc=0x000001e7152a4422 sp=0x00000083b68fda28 mode 2
Event: 15.201 Thread 0x000001e768bba450 Uncommon trap: trap_request=0xffffffc6 fr.pc=0x000001e715839878 relative=0x0000000000000318
Event: 15.201 Thread 0x000001e768bba450 Uncommon trap: reason=bimorphic_or_optimized_type_check action=maybe_recompile pc=0x000001e715839878 method=java.util.HashMap.getNode(Ljava/lang/Object;)Ljava/util/HashMap$Node; @ 128 c2
Event: 15.201 Thread 0x000001e768bba450 DEOPT PACKING pc=0x000001e715839878 sp=0x00000083b68fdd80
Event: 15.201 Thread 0x000001e768bba450 DEOPT UNPACKING pc=0x000001e7152a4422 sp=0x00000083b68fdc98 mode 2
Event: 36.660 Thread 0x000001e768bba450 Uncommon trap: trap_request=0xffffff45 fr.pc=0x000001e715857b24 relative=0x0000000000000dc4
Event: 36.660 Thread 0x000001e768bba450 Uncommon trap: reason=unstable_if action=reinterpret pc=0x000001e715857b24 method=java.awt.Container.findComponentAtImpl(IIZ)Ljava/awt/Component; @ 131 c2
Event: 36.660 Thread 0x000001e768bba450 DEOPT PACKING pc=0x000001e715857b24 sp=0x00000083b68fee20
Event: 36.660 Thread 0x000001e768bba450 DEOPT UNPACKING pc=0x000001e7152a4422 sp=0x00000083b68fedd0 mode 2

Classes loaded (20 events):
Event: 36.219 Loading class sun/swing/SwingAccessor$PopupFactoryAccessor done
Event: 36.219 Loading class javax/swing/PopupFactory$1 done
Event: 36.219 Loading class javax/swing/JToolTip
Event: 36.219 Loading class javax/swing/JToolTip done
Event: 36.219 Loading class javax/swing/PopupFactory$LightWeightPopup
Event: 36.219 Loading class javax/swing/PopupFactory$ContainerPopup
Event: 36.219 Loading class javax/swing/Popup
Event: 36.219 Loading class javax/swing/Popup done
Event: 36.219 Loading class javax/swing/PopupFactory$ContainerPopup done
Event: 36.219 Loading class javax/swing/PopupFactory$LightWeightPopup done
Event: 36.220 Loading class javax/swing/JApplet
Event: 36.220 Loading class javax/swing/JApplet done
Event: 36.232 Loading class sun/awt/UngrabEvent
Event: 36.232 Loading class sun/awt/UngrabEvent done
Event: 37.802 Loading class javax/swing/event/ListDataEvent
Event: 37.802 Loading class javax/swing/event/ListDataEvent done
Event: 37.802 Loading class java/awt/event/ItemEvent
Event: 37.802 Loading class java/awt/event/ItemEvent done
Event: 37.804 Loading class javax/swing/plaf/basic/BasicPopupMenuUI$MouseGrabber$2
Event: 37.804 Loading class javax/swing/plaf/basic/BasicPopupMenuUI$MouseGrabber$2 done

Classes unloaded (0 events):
No events

Classes redefined (0 events):
No events

Internal exceptions (15 events):
Event: 0.392 Thread 0x000001e708131ef0 Exception <a 'java/lang/ClassNotFoundException'{0x0000000091f4c300}: sun/awt/resources/spi/awtProvider> (0x0000000091f4c300) 
thrown [s\src\hotspot\share\classfile\systemDictionary.cpp, line 312]
Event: 0.512 Thread 0x000001e708131ef0 Exception <a 'java/io/FileNotFoundException'{0x0000000091fa83d0}> (0x0000000091fa83d0) 
thrown [s\src\hotspot\share\prims\jni.cpp, line 520]
Event: 0.518 Thread 0x000001e708131ef0 Exception <a 'java/io/FileNotFoundException'{0x0000000091fd2f90}> (0x0000000091fd2f90) 
thrown [s\src\hotspot\share\prims\jni.cpp, line 520]
Event: 0.699 Thread 0x000001e708131ef0 Exception <a 'java/lang/NoSuchMethodError'{0x0000000091e704f8}: 'void java.lang.invoke.DirectMethodHandle$Holder.invokeSpecial(java.lang.Object, java.lang.Object, java.lang.Object)'> (0x0000000091e704f8) 
thrown [s\src\hotspot\share\interpreter\linkResolver.cpp, line 773]
Event: 0.706 Thread 0x000001e708131ef0 Exception <a 'java/lang/NoSuchMethodError'{0x0000000091d20ff0}: 'java.lang.Object java.lang.invoke.DirectMethodHandle$Holder.newInvokeSpecial(java.lang.Object, java.lang.Object, java.lang.Object, java.lang.Object, java.lang.Object)'> (0x0000000091d20ff0) 
thrown [s\src\hotspot\share\interpreter\linkResolver.cpp, line 773]
Event: 0.712 Thread 0x000001e708131ef0 Exception <a 'java/lang/NoSuchMethodError'{0x0000000091d4d6c8}: 'java.lang.Object java.lang.invoke.DirectMethodHandle$Holder.invokeStatic(java.lang.Object, int, java.lang.Object)'> (0x0000000091d4d6c8) 
thrown [s\src\hotspot\share\interpreter\linkResolver.cpp, line 773]
Event: 0.733 Thread 0x000001e708131ef0 Exception <a 'java/lang/ClassNotFoundException'{0x0000000091deea70}: com/sun/swing/internal/plaf/metal/resources/spi/metalProvider> (0x0000000091deea70) 
thrown [s\src\hotspot\share\classfile\systemDictionary.cpp, line 312]
Event: 0.734 Thread 0x000001e708131ef0 Exception <a 'java/lang/ClassNotFoundException'{0x0000000091df2ac0}: com/sun/swing/internal/plaf/basic/resources/spi/basicProvider> (0x0000000091df2ac0) 
thrown [s\src\hotspot\share\classfile\systemDictionary.cpp, line 312]
Event: 0.742 Thread 0x000001e708131ef0 Exception <a 'java/lang/NoSuchMethodError'{0x0000000091c12ca8}: 'int java.lang.invoke.Invokers$Holder.invokeExact_MT(java.lang.Object, java.lang.Object)'> (0x0000000091c12ca8) 
thrown [s\src\hotspot\share\interpreter\linkResolver.cpp, line 773]
Event: 0.760 Thread 0x000001e7226c3840 Exception <a 'java/lang/NoSuchMethodError'{0x0000000091efad38}: 'void java.lang.invoke.DirectMethodHandle$Holder.invokeVirtual(java.lang.Object, java.lang.Object)'> (0x0000000091efad38) 
thrown [s\src\hotspot\share\interpreter\linkResolver.cpp, line 773]
Event: 0.775 Thread 0x000001e708131ef0 Exception <a 'java/lang/NoSuchMethodError'{0x0000000091c46a90}: 'void java.lang.invoke.DirectMethodHandle$Holder.invokeStaticInit(java.lang.Object)'> (0x0000000091c46a90) 
thrown [s\src\hotspot\share\interpreter\linkResolver.cpp, line 773]
Event: 3.030 Thread 0x000001e768c3baf0 Exception <a 'java/lang/NoSuchMethodError'{0x0000000091a09e28}: 'java.lang.Object java.lang.invoke.DirectMethodHandle$Holder.newInvokeSpecial(java.lang.Object, java.lang.Object, java.lang.Object, int, int, int, int, int)'> (0x0000000091a09e28) 
thrown [s\src\hotspot\share\interpreter\linkResolver.cpp, line 773]
Event: 3.135 Thread 0x000001e768bba450 Exception <a 'java/lang/NoSuchMethodError'{0x0000000091aa1640}: 'void java.lang.invoke.DirectMethodHandle$Holder.invokeStatic(java.lang.Object, java.lang.Object)'> (0x0000000091aa1640) 
thrown [s\src\hotspot\share\interpreter\linkResolver.cpp, line 773]
Event: 3.169 Thread 0x000001e768bba450 Exception <a 'java/lang/NoSuchMethodError'{0x0000000091abe808}: 'int java.lang.invoke.DirectMethodHandle$Holder.invokeStatic(java.lang.Object)'> (0x0000000091abe808) 
thrown [s\src\hotspot\share\interpreter\linkResolver.cpp, line 773]
Event: 15.230 Thread 0x000001e768bba450 Exception <a 'java/lang/NoSuchMethodError'{0x00000000919e0678}: 'java.lang.Object java.lang.invoke.DirectMethodHandle$Holder.newInvokeSpecial(java.lang.Object, java.lang.Object, java.lang.Object, java.lang.Object, java.lang.Object, java.lang.Object, java.lang.Object)'> (0x00000000919e0678) 
thrown [s\src\hotspot\share\interpreter\linkResolver.cpp, line 773]

ZGC Phase Switch (0 events):
No events

VM Operations (20 events):
Event: 31.386 Executing VM operation: Cleanup
Event: 31.386 Executing VM operation: Cleanup done
Event: 33.396 Executing VM operation: Cleanup
Event: 33.396 Executing VM operation: Cleanup done
Event: 35.419 Executing VM operation: Cleanup
Event: 35.419 Executing VM operation: Cleanup done
Event: 36.220 Executing VM operation: HandshakeAllThreads (Deoptimize)
Event: 36.220 Executing VM operation: HandshakeAllThreads (Deoptimize) done
Event: 37.222 Executing VM operation: Cleanup
Event: 37.222 Executing VM operation: Cleanup done
Event: 38.231 Executing VM operation: Cleanup
Event: 38.231 Executing VM operation: Cleanup done
Event: 39.233 Executing VM operation: Cleanup
Event: 39.233 Executing VM operation: Cleanup done
Event: 40.246 Executing VM operation: Cleanup
Event: 40.246 Executing VM operation: Cleanup done
Event: 41.246 Executing VM operation: Cleanup
Event: 41.246 Executing VM operation: Cleanup done
Event: 44.265 Executing VM operation: Cleanup
Event: 44.265 Executing VM operation: Cleanup done

Memory protections (0 events):
No events

Nmethod flushes (0 events):
No events

Events (20 events):
Event: 0.203 Thread 0x000001e708131ef0 Thread added: 0x000001e722364ae0
Event: 0.203 Thread 0x000001e708131ef0 Thread added: 0x000001e722385bb0
Event: 0.203 Thread 0x000001e708131ef0 Thread added: 0x000001e7223885f0
Event: 0.203 Thread 0x000001e708131ef0 Thread added: 0x000001e722393490
Event: 0.203 Thread 0x000001e708131ef0 Thread added: 0x000001e722394ef0
Event: 0.203 Thread 0x000001e708131ef0 Thread added: 0x000001e722396aa0
Event: 0.216 Thread 0x000001e708131ef0 Thread added: 0x000001e7224d75f0
Event: 0.235 Thread 0x000001e708131ef0 Thread added: 0x000001e7224dc040
Event: 0.564 Thread 0x000001e708131ef0 Thread added: 0x000001e7226bebd0
Event: 0.565 Thread 0x000001e708131ef0 Thread added: 0x000001e7226bfe60
Event: 0.566 Thread 0x000001e708131ef0 Thread added: 0x000001e7226c3840
Event: 0.759 Thread 0x000001e7226c3840 Thread added: 0x000001e768bba450
Event: 0.922 Thread 0x000001e708131ef0 Thread exited: 0x000001e708131ef0
Event: 0.923 Thread 0x000001e708131ef0 Thread added: 0x000001e708131ef0
Event: 0.931 Thread 0x000001e768bba450 Thread added: 0x000001e7224f7a00
Event: 3.027 Thread 0x000001e768bba450 Thread added: 0x000001e768c3baf0
Event: 3.200 Thread 0x000001e768bba450 Thread added: 0x000001e769143900
Event: 8.049 Thread 0x000001e768c3baf0 Thread exited: 0x000001e768c3baf0
Event: 39.189 Thread 0x000001e768bba450 Thread added: 0x000001e769103610
Event: 44.202 Thread 0x000001e769103610 Thread exited: 0x000001e769103610


Dynamic libraries:
0x00007ff7890e0000 - 0x00007ff7890ee000 	C:\Users\kovvu\Downloads\eclipse-java-2025-12-R-win32-x86_64\eclipse\plugins\org.eclipse.justj.openjdk.hotspot.jre.full.win32.x86_64_21.0.9.v20251105-0741\jre\bin\javaw.exe
0x00007ffae1a50000 - 0x00007ffae1c67000 	C:\windows\SYSTEM32\ntdll.dll
0x00007ffadfae0000 - 0x00007ffadfba4000 	C:\windows\System32\KERNEL32.DLL
0x00007ffadf260000 - 0x00007ffadf632000 	C:\windows\System32\KERNELBASE.dll
0x00007ffadeb70000 - 0x00007ffadec81000 	C:\windows\System32\ucrtbase.dll
0x00007ffac68f0000 - 0x00007ffac690e000 	C:\Users\kovvu\Downloads\eclipse-java-2025-12-R-win32-x86_64\eclipse\plugins\org.eclipse.justj.openjdk.hotspot.jre.full.win32.x86_64_21.0.9.v20251105-0741\jre\bin\VCRUNTIME140.dll
0x00007ffaa1fc0000 - 0x00007ffaa1fd8000 	C:\Users\kovvu\Downloads\eclipse-java-2025-12-R-win32-x86_64\eclipse\plugins\org.eclipse.justj.openjdk.hotspot.jre.full.win32.x86_64_21.0.9.v20251105-0741\jre\bin\jli.dll
0x00007ffadf920000 - 0x00007ffadfad1000 	C:\windows\System32\USER32.dll
0x00007ffadef40000 - 0x00007ffadef66000 	C:\windows\System32\win32u.dll
0x00007ffaddd20000 - 0x00007ffaddfbb000 	C:\windows\WinSxS\amd64_microsoft.windows.common-controls_6595b64144ccf1df_6.0.22621.5547_none_27104afb73855772\COMCTL32.dll
0x00007ffae0b50000 - 0x00007ffae0bf7000 	C:\windows\System32\msvcrt.dll
0x00007ffae08e0000 - 0x00007ffae0909000 	C:\windows\System32\GDI32.dll
0x00007ffadf130000 - 0x00007ffadf253000 	C:\windows\System32\gdi32full.dll
0x00007ffadf640000 - 0x00007ffadf6da000 	C:\windows\System32\msvcp_win.dll
0x00007ffae0c00000 - 0x00007ffae0c31000 	C:\windows\System32\IMM32.DLL
0x00007ffad99b0000 - 0x00007ffad99bc000 	C:\Users\kovvu\Downloads\eclipse-java-2025-12-R-win32-x86_64\eclipse\plugins\org.eclipse.justj.openjdk.hotspot.jre.full.win32.x86_64_21.0.9.v20251105-0741\jre\bin\vcruntime140_1.dll
0x00007ffaa1e60000 - 0x00007ffaa1eed000 	C:\Users\kovvu\Downloads\eclipse-java-2025-12-R-win32-x86_64\eclipse\plugins\org.eclipse.justj.openjdk.hotspot.jre.full.win32.x86_64_21.0.9.v20251105-0741\jre\bin\msvcp140.dll
0x00007ffa962d0000 - 0x00007ffa97070000 	C:\Users\kovvu\Downloads\eclipse-java-2025-12-R-win32-x86_64\eclipse\plugins\org.eclipse.justj.openjdk.hotspot.jre.full.win32.x86_64_21.0.9.v20251105-0741\jre\bin\server\jvm.dll
0x00007ffae0820000 - 0x00007ffae08d1000 	C:\windows\System32\ADVAPI32.dll
0x00007ffae1950000 - 0x00007ffae19f8000 	C:\windows\System32\sechost.dll
0x00007ffadeb40000 - 0x00007ffadeb68000 	C:\windows\System32\bcrypt.dll
0x00007ffae0c50000 - 0x00007ffae0d64000 	C:\windows\System32\RPCRT4.dll
0x00007ffae0f80000 - 0x00007ffae0ff1000 	C:\windows\System32\WS2_32.dll
0x00007ffade7b0000 - 0x00007ffade7fd000 	C:\windows\SYSTEM32\POWRPROF.dll
0x00007ffadd320000 - 0x00007ffadd32a000 	C:\windows\SYSTEM32\VERSION.dll
0x00007ffad98c0000 - 0x00007ffad98f4000 	C:\windows\SYSTEM32\WINMM.dll
0x00007ffade790000 - 0x00007ffade7a3000 	C:\windows\SYSTEM32\UMPDC.dll
0x00007ffadcc30000 - 0x00007ffadcc48000 	C:\windows\SYSTEM32\kernel.appcore.dll
0x00007ffac5ce0000 - 0x00007ffac5cea000 	C:\Users\kovvu\Downloads\eclipse-java-2025-12-R-win32-x86_64\eclipse\plugins\org.eclipse.justj.openjdk.hotspot.jre.full.win32.x86_64_21.0.9.v20251105-0741\jre\bin\jimage.dll
0x00007ffade3b0000 - 0x00007ffade5e3000 	C:\windows\SYSTEM32\DBGHELP.DLL
0x00007ffae1000000 - 0x00007ffae1393000 	C:\windows\System32\combase.dll
0x00007ffae0910000 - 0x00007ffae09e7000 	C:\windows\System32\OLEAUT32.dll
0x00007ffade2a0000 - 0x00007ffade2d2000 	C:\windows\SYSTEM32\dbgcore.DLL
0x00007ffadef70000 - 0x00007ffadefeb000 	C:\windows\System32\bcryptPrimitives.dll
0x00007ffac5cc0000 - 0x00007ffac5ce0000 	C:\Users\kovvu\Downloads\eclipse-java-2025-12-R-win32-x86_64\eclipse\plugins\org.eclipse.justj.openjdk.hotspot.jre.full.win32.x86_64_21.0.9.v20251105-0741\jre\bin\java.dll
0x00007ffadfc10000 - 0x00007ffae04b2000 	C:\windows\System32\SHELL32.dll
0x00007ffadeff0000 - 0x00007ffadf12f000 	C:\windows\System32\wintypes.dll
0x00007ffadbb00000 - 0x00007ffadc41d000 	C:\windows\SYSTEM32\windows.storage.dll
0x00007ffae0550000 - 0x00007ffae065c000 	C:\windows\System32\SHCORE.dll
0x00007ffae0d70000 - 0x00007ffae0dd9000 	C:\windows\System32\shlwapi.dll
0x00007ffadea70000 - 0x00007ffadea9b000 	C:\windows\SYSTEM32\profapi.dll
0x00007ffabcec0000 - 0x00007ffabced8000 	C:\Users\kovvu\Downloads\eclipse-java-2025-12-R-win32-x86_64\eclipse\plugins\org.eclipse.justj.openjdk.hotspot.jre.full.win32.x86_64_21.0.9.v20251105-0741\jre\bin\zip.dll
0x00007ffac5180000 - 0x00007ffac5190000 	C:\Users\kovvu\Downloads\eclipse-java-2025-12-R-win32-x86_64\eclipse\plugins\org.eclipse.justj.openjdk.hotspot.jre.full.win32.x86_64_21.0.9.v20251105-0741\jre\bin\net.dll
0x00007ffad9be0000 - 0x00007ffad9d0c000 	C:\windows\SYSTEM32\WINHTTP.dll
0x00007ffadd020000 - 0x00007ffadd089000 	C:\windows\system32\mswsock.dll
0x00007ffab10b0000 - 0x00007ffab10c6000 	C:\Users\kovvu\Downloads\eclipse-java-2025-12-R-win32-x86_64\eclipse\plugins\org.eclipse.justj.openjdk.hotspot.jre.full.win32.x86_64_21.0.9.v20251105-0741\jre\bin\nio.dll
0x00007ffa9eb60000 - 0x00007ffa9ecef000 	C:\Users\kovvu\Downloads\eclipse-java-2025-12-R-win32-x86_64\eclipse\plugins\org.eclipse.justj.openjdk.hotspot.jre.full.win32.x86_64_21.0.9.v20251105-0741\jre\bin\awt.dll
0x00007ffad90e0000 - 0x00007ffad9177000 	C:\windows\SYSTEM32\apphelp.dll
0x00007ffadb550000 - 0x00007ffadb57e000 	C:\windows\system32\DWMAPI.DLL
0x00007ffadb2b0000 - 0x00007ffadb364000 	C:\windows\system32\uxtheme.dll
0x00007ffa9e5f0000 - 0x00007ffa9e6f0000 	C:\windows\system32\opengl32.dll
0x00007ffabe5f0000 - 0x00007ffabe61d000 	C:\windows\SYSTEM32\GLU32.dll
0x00007ffadb3e0000 - 0x00007ffadb417000 	C:\windows\SYSTEM32\dxcore.dll
0x00007ffae09f0000 - 0x00007ffae0b50000 	C:\windows\System32\MSCTF.dll
0x00007ffae0de0000 - 0x00007ffae0f80000 	C:\windows\System32\ole32.dll
0x00007ffabc240000 - 0x00007ffabc3e8000 	C:\windows\system32\d3d9.dll
0x00007ffad4b90000 - 0x00007ffad4d4b000 	C:\windows\System32\DriverStore\FileRepository\u0387389.inf_amd64_995be970e30b8c79\B385477\aticfx64.dll
0x00007ffa90a70000 - 0x00007ffa90aa4000 	C:\windows\System32\DriverStore\FileRepository\u0387389.inf_amd64_995be970e30b8c79\B385477\atiu9p64.dll
0x00007ffa6a180000 - 0x00007ffa6aed5000 	C:\windows\System32\DriverStore\FileRepository\u0387389.inf_amd64_995be970e30b8c79\B385477\atiumd64.dll
0x000000005a310000 - 0x000000005b237000 	C:\windows\System32\DriverStore\FileRepository\u0387389.inf_amd64_995be970e30b8c79\B385477\atiumd6a.dll
0x00007ffae14c0000 - 0x00007ffae1934000 	C:\windows\System32\SETUPAPI.dll
0x00007ffad4a90000 - 0x00007ffad4ac5000 	C:\windows\SYSTEM32\amdihk64.dll
0x00007ffad62f0000 - 0x00007ffad633a000 	C:\windows\SYSTEM32\directxdatabasehelper.dll
0x00007ffa9ead0000 - 0x00007ffa9eb57000 	C:\Users\kovvu\Downloads\eclipse-java-2025-12-R-win32-x86_64\eclipse\plugins\org.eclipse.justj.openjdk.hotspot.jre.full.win32.x86_64_21.0.9.v20251105-0741\jre\bin\freetype.dll
0x00007ffa9bb20000 - 0x00007ffa9bc12000 	C:\Users\kovvu\Downloads\eclipse-java-2025-12-R-win32-x86_64\eclipse\plugins\org.eclipse.justj.openjdk.hotspot.jre.full.win32.x86_64_21.0.9.v20251105-0741\jre\bin\fontmanager.dll
0x00007ffac4820000 - 0x00007ffac4966000 	C:\windows\SYSTEM32\textinputframework.dll
0x00007ffad8d80000 - 0x00007ffad8eb3000 	C:\windows\SYSTEM32\CoreMessaging.dll
0x00007ffad5c90000 - 0x00007ffad5ffc000 	C:\windows\SYSTEM32\CoreUIComponents.dll
0x00007ffadd270000 - 0x00007ffadd27c000 	C:\windows\SYSTEM32\CRYPTBASE.DLL
0x00007ffae0660000 - 0x00007ffae0710000 	C:\windows\System32\clbcatq.dll
0x00007ffadb020000 - 0x00007ffadb1d1000 	C:\windows\SYSTEM32\WindowsCodecs.dll
0x00007ffaba250000 - 0x00007ffaba2ae000 	C:\windows\system32\dataexchange.dll
0x00007ffad5030000 - 0x00007ffad52d6000 	C:\windows\system32\twinapi.appcore.dll

JVMTI agents: none

dbghelp: loaded successfully - version: 4.0.5 - missing functions: none
symbol engine: initialized successfully - sym options: 0x614 - pdb path: .;C:\Users\kovvu\Downloads\eclipse-java-2025-12-R-win32-x86_64\eclipse\plugins\org.eclipse.justj.openjdk.hotspot.jre.full.win32.x86_64_21.0.9.v20251105-0741\jre\bin;C:\windows\SYSTEM32;C:\windows\WinSxS\amd64_microsoft.windows.common-controls_6595b64144ccf1df_6.0.22621.5547_none_27104afb73855772;C:\Users\kovvu\Downloads\eclipse-java-2025-12-R-win32-x86_64\eclipse\plugins\org.eclipse.justj.openjdk.hotspot.jre.full.win32.x86_64_21.0.9.v20251105-0741\jre\bin\server;C:\windows\System32\DriverStore\FileRepository\u0387389.inf_amd64_995be970e30b8c79\B385477

VM Arguments:
jvm_args: -Dfile.encoding=UTF-8 -Dstdout.encoding=UTF-8 -Dstderr.encoding=UTF-8 -XX:+ShowCodeDetailsInExceptionMessages 
java_command: Main
java_class_path (initial): C:\Users\kovvu\eclipse-workspace\LibraryManagementSystem\bin;C:\Users\kovvu\Downloads\eclipse-java-2025-12-R-win32-x86_64.zip;C:\Users\kovvu\eclipse-workspace\LibraryManagementSystem\lib\mysql-connector-j-9.6.0.jar
Launcher Type: SUN_STANDARD

[Global flags]
     intx CICompilerCount                          = 4                                         {product} {ergonomic}
     uint ConcGCThreads                            = 3                                         {product} {ergonomic}
     uint G1ConcRefinementThreads                  = 10                                        {product} {ergonomic}
   size_t G1HeapRegionSize                         = 1048576                                   {product} {ergonomic}
    uintx GCDrainStackTargetSize                   = 64                                        {product} {ergonomic}
   size_t InitialHeapSize                          = 123731968                                 {product} {ergonomic}
   size_t MarkStackSize                            = 4194304                                   {product} {ergonomic}
   size_t MaxHeapSize                              = 1967128576                                {product} {ergonomic}
   size_t MaxNewSize                               = 1179648000                                {product} {ergonomic}
   size_t MinHeapDeltaBytes                        = 1048576                                   {product} {ergonomic}
   size_t MinHeapSize                              = 8388608                                   {product} {ergonomic}
    uintx NonNMethodCodeHeapSize                   = 5839372                                {pd product} {ergonomic}
    uintx NonProfiledCodeHeapSize                  = 122909434                              {pd product} {ergonomic}
    uintx ProfiledCodeHeapSize                     = 122909434                              {pd product} {ergonomic}
    uintx ReservedCodeCacheSize                    = 251658240                              {pd product} {ergonomic}
     bool SegmentedCodeCache                       = true                                      {product} {ergonomic}
     bool ShowCodeDetailsInExceptionMessages       = true                                   {manageable} {command line}
   size_t SoftMaxHeapSize                          = 1967128576                             {manageable} {ergonomic}
     bool UseCompressedOops                        = true                           {product lp64_product} {ergonomic}
     bool UseG1GC                                  = true                                      {product} {ergonomic}
     bool UseLargePagesIndividualAllocation        = false                                  {pd product} {ergonomic}

Logging:
Log output configuration:
 #0: stdout all=warning uptime,level,tags foldmultilines=false
 #1: stderr all=off uptime,level,tags foldmultilines=false

Release file:
JAVA_VERSION="21.0.9" 
MODULES="java.base java.compiler java.datatransfer java.xml java.prefs java.desktop java.instrument java.logging java.management java.security.sasl java.naming java.rmi java.management.rmi java.net.http java.scripting java.security.jgss java.transaction.xa java.sql java.sql.rowset java.xml.crypto java.se java.smartcardio jdk.accessibility jdk.internal.jvmstat jdk.attach jdk.charsets jdk.internal.opt jdk.zipfs jdk.compiler jdk.crypto.ec jdk.crypto.cryptoki jdk.crypto.mscapi jdk.dynalink jdk.internal.ed jdk.editpad jdk.hotspot.agent jdk.httpserver jdk.internal.le jdk.internal.vm.ci jdk.internal.vm.compiler jdk.internal.vm.compiler.management jdk.jartool jdk.javadoc jdk.jcmd jdk.management jdk.management.agent jdk.jconsole jdk.jdeps jdk.jdwp.agent jdk.jdi jdk.jfr jdk.jshell jdk.jsobject jdk.jstatd jdk.localedata jdk.management.jfr jdk.naming.dns jdk.naming.rmi jdk.net jdk.nio.mapmode jdk.random jdk.sctp jdk.security.auth jdk.security.jgss jdk.unsupported jdk.unsupported.desktop jdk.xml.dom" 

Environment Variables:
PATH=C:/Users/kovvu/Downloads/eclipse-java-2025-12-R-win32-x86_64/eclipse//plugins/org.eclipse.justj.openjdk.hotspot.jre.full.win32.x86_64_21.0.9.v20251105-0741/jre/bin/server;C:/Users/kovvu/Downloads/eclipse-java-2025-12-R-win32-x86_64/eclipse//plugins/org.eclipse.justj.openjdk.hotspot.jre.full.win32.x86_64_21.0.9.v20251105-0741/jre/bin;C:\Program Files\Common Files\Oracle\Java\javapath;C:\windows\system32;C:\windows;C:\windows\System32\Wbem;C:\windows\System32\WindowsPowerShell\v1.0\;C:\windows\System32\OpenSSH\;C:\Program Files\nodejs\;C:\Program Files\HP\HP One Agent;C:\Program Files\PuTTY\;C:\Program Files\Git\cmd;C:\Program Files\MongoDB;C:\Users\kovvu\AppData\Local\Microsoft\WindowsApps;C:\Users\kovvu\AppData\Local\Programs\Microsoft VS Code\bin;C:\Users\kovvu\AppData\Roaming\npm;C:\Program Files\nodejs;C:\Program Files\nodejs\node.exe;C:\Program Files\nodejs\node.exe;C:\Program Files\nodejs\;C:\Users\kovvu\AppData\Local\Programs\Python\Python312\Scripts;C:\Users\kovvu\AppData\Local\Programs\Python\Python312;;C:\Users\kovvu\Downloads\eclipse-java-2025-12-R-win32-x86_64\eclipse;
USERNAME=kovvu
OS=Windows_NT
PROCESSOR_IDENTIFIER=AMD64 Family 23 Model 104 Stepping 1, AuthenticAMD
TMP=C:\Users\kovvu\AppData\Local\Temp
TEMP=C:\Users\kovvu\AppData\Local\Temp




Periodic native trim disabled

---------------  S Y S T E M  ---------------

OS:
 Windows 11 , 64 bit Build 22621 (10.0.22621.5415)
OS uptime: 1 days 22:07 hours
Hyper-V role detected

CPU: total 12 (initial active 12) (12 cores per cpu, 2 threads per core) family 23 model 104 stepping 1 microcode 0x0, cx8, cmov, fxsr, ht, mmx, 3dnowpref, sse, sse2, sse3, ssse3, sse4a, sse4.1, sse4.2, popcnt, lzcnt, tsc, tscinvbit, avx, avx2, aes, clmul, bmi1, bmi2, adx, sha, fma, vzeroupper, clflush, clflushopt, hv, rdtscp, rdpid, f16c
Processor Information for processor 0
  Max Mhz: 2100, Current Mhz: 2100, Mhz Limit: 2100
Processor Information for processor 1
  Max Mhz: 2100, Current Mhz: 2100, Mhz Limit: 2100
Processor Information for processor 2
  Max Mhz: 2100, Current Mhz: 2100, Mhz Limit: 2100
Processor Information for processor 3
  Max Mhz: 2100, Current Mhz: 2100, Mhz Limit: 2100
Processor Information for processor 4
  Max Mhz: 2100, Current Mhz: 1988, Mhz Limit: 2100
Processor Information for processor 5
  Max Mhz: 2100, Current Mhz: 2100, Mhz Limit: 2100
Processor Information for processor 6
  Max Mhz: 2100, Current Mhz: 2100, Mhz Limit: 2100
Processor Information for processor 7
  Max Mhz: 2100, Current Mhz: 1988, Mhz Limit: 2100
Processor Information for processor 8
  Max Mhz: 2100, Current Mhz: 2100, Mhz Limit: 2100
Processor Information for processor 9
  Max Mhz: 2100, Current Mhz: 2100, Mhz Limit: 2100
Processor Information for processor 10
  Max Mhz: 2100, Current Mhz: 2100, Mhz Limit: 2100
Processor Information for processor 11
  Max Mhz: 2100, Current Mhz: 2100, Mhz Limit: 2100

Memory: 4k page, system-wide physical 7502M (628M free)
TotalPageFile size 16693M (AvailPageFile size 3M)
current process WorkingSet (physical memory assigned to process): 114M, peak: 114M
current process commit charge ("private bytes"): 275M, peak: 275M

vm_info: OpenJDK 64-Bit Server VM (21.0.9+10-LTS) for windows-amd64 JRE (21.0.9+10-LTS), built on 2025-10-21T00:00:00Z by "admin" with unknown MS VC++:1942

END.
