#
# There is insufficient memory for the Java Runtime Environment to continue.
# Native memory allocation (malloc) failed to allocate 37264 bytes. Error detail: Chunk::new
# Possible reasons:
#   The system is out of physical RAM or swap space
#   This process is running with CompressedOops enabled, and the Java Heap may be blocking the growth of the native heap
# Possible solutions:
#   Reduce memory load on the system
#   Increase physical memory or swap space
#   Check if swap backing store is full
#   Decrease Java heap size (-Xmx/-Xms)
#   Decrease number of Java threads
#   Decrease Java thread stack sizes (-Xss)
#   Set larger code cache with -XX:ReservedCodeCacheSize=
#   JVM is running with Unscaled Compressed Oops mode in which the Java heap is
#     placed in the first 4GB address space. The Java Heap base address is the
#     maximum limit for the native heap growth. Please use -XX:HeapBaseMinAddress
#     to set the Java Heap base and to place the Java Heap above 4GB virtual address.
# This output file may be truncated or incomplete.
#
#  Out of Memory Error (arena.cpp:168), pid=16668, tid=18956
#
# JRE version: OpenJDK Runtime Environment Temurin-21.0.9+10 (21.0.9+10) (build 21.0.9+10-LTS)
# Java VM: OpenJDK 64-Bit Server VM Temurin-21.0.9+10 (21.0.9+10-LTS, mixed mode, sharing, tiered, compressed oops, compressed class ptrs, g1 gc, windows-amd64)
# No core dump will be written. Minidumps are not enabled by default on client versions of Windows
#

---------------  S U M M A R Y ------------

Command Line: -Dfile.encoding=UTF-8 -Dstdout.encoding=UTF-8 -Dstderr.encoding=UTF-8 -XX:+ShowCodeDetailsInExceptionMessages Main

Host: AMD Ryzen 5 5500U with Radeon Graphics         , 12 cores, 7G,  Windows 11 , 64 bit Build 22621 (10.0.22621.5415)
Time: Sat Mar 28 15:57:03 2026 India Standard Time elapsed time: 4695.386690 seconds (0d 1h 18m 15s)

---------------  T H R E A D  ---------------

Current thread (0x00000204617499c0):  JavaThread "C2 CompilerThread0" daemon [_thread_in_native, id=18956, stack(0x000000f0f5400000,0x000000f0f5500000) (1024K)]


Current CompileTask:
C2:4695387 2304       4       java.security.AccessController::getContext (23 bytes)

Stack: [0x000000f0f5400000,0x000000f0f5500000]
Native frames: (J=compiled Java code, j=interpreted, Vv=VM code, C=native code)
V  [jvm.dll+0x6d6e29]
V  [jvm.dll+0x8b4b76]
V  [jvm.dll+0x8b712e]
V  [jvm.dll+0x8b7813]
V  [jvm.dll+0x283d86]
V  [jvm.dll+0xc66ed]
V  [jvm.dll+0xc6c31]
V  [jvm.dll+0x14210f]
V  [jvm.dll+0x665953]
V  [jvm.dll+0x663e5b]
V  [jvm.dll+0x24be1b]
V  [jvm.dll+0x24b580]
V  [jvm.dll+0x1cb13e]
V  [jvm.dll+0x25b29d]
V  [jvm.dll+0x25982a]
V  [jvm.dll+0x3f7ea6]
V  [jvm.dll+0x85e9ad]
V  [jvm.dll+0x6d565d]
C  [ucrtbase.dll+0x29333]
C  [KERNEL32.DLL+0x1259d]
C  [ntdll.dll+0x5af78]


---------------  P R O C E S S  ---------------

Threads class SMR info:
_java_thread_list=0x0000020461913b20, length=18, elements={
0x000002046173e6b0, 0x000002046173f100, 0x00000204617415e0, 0x0000020461742030,
0x0000020461744a90, 0x0000020461745740, 0x00000204617499c0, 0x000002046174a450,
0x0000020461894ae0, 0x0000020461895f20, 0x000002046192a2d0, 0x0000020461a70480,
0x0000020461a78da0, 0x000002046905fcb0, 0x0000020447340c80, 0x00000204618ab2f0,
0x0000020469229ed0, 0x00000204693670a0
}

Java Threads: ( => current thread )
  0x000002046173e6b0 JavaThread "Reference Handler"          daemon [_thread_blocked, id=13232, stack(0x000000f0f4e00000,0x000000f0f4f00000) (1024K)]
  0x000002046173f100 JavaThread "Finalizer"                  daemon [_thread_blocked, id=15936, stack(0x000000f0f4f00000,0x000000f0f5000000) (1024K)]
  0x00000204617415e0 JavaThread "Signal Dispatcher"          daemon [_thread_blocked, id=21124, stack(0x000000f0f5000000,0x000000f0f5100000) (1024K)]
  0x0000020461742030 JavaThread "Attach Listener"            daemon [_thread_blocked, id=18716, stack(0x000000f0f5100000,0x000000f0f5200000) (1024K)]
  0x0000020461744a90 JavaThread "Service Thread"             daemon [_thread_blocked, id=22100, stack(0x000000f0f5200000,0x000000f0f5300000) (1024K)]
  0x0000020461745740 JavaThread "Monitor Deflation Thread"   daemon [_thread_blocked, id=6980, stack(0x000000f0f5300000,0x000000f0f5400000) (1024K)]
=>0x00000204617499c0 JavaThread "C2 CompilerThread0"         daemon [_thread_in_native, id=18956, stack(0x000000f0f5400000,0x000000f0f5500000) (1024K)]
  0x000002046174a450 JavaThread "C1 CompilerThread0"         daemon [_thread_blocked, id=25284, stack(0x000000f0f5500000,0x000000f0f5600000) (1024K)]
  0x0000020461894ae0 JavaThread "Notification Thread"        daemon [_thread_blocked, id=5848, stack(0x000000f0f5600000,0x000000f0f5700000) (1024K)]
  0x0000020461895f20 JavaThread "Common-Cleaner"             daemon [_thread_blocked, id=26000, stack(0x000000f0f5700000,0x000000f0f5800000) (1024K)]
  0x000002046192a2d0 JavaThread "Java2D Disposer"            daemon [_thread_blocked, id=3928, stack(0x000000f0f5800000,0x000000f0f5900000) (1024K)]
  0x0000020461a70480 JavaThread "AWT-Shutdown"                      [_thread_blocked, id=7256, stack(0x000000f0f5900000,0x000000f0f5a00000) (1024K)]
  0x0000020461a78da0 JavaThread "AWT-Windows"                daemon [_thread_in_native, id=26556, stack(0x000000f0f5a00000,0x000000f0f5b00000) (1024K)]
  0x000002046905fcb0 JavaThread "AWT-EventQueue-0"                  [_thread_in_vm, id=17832, stack(0x000000f0f6500000,0x000000f0f6600000) (1024K)]
  0x0000020447340c80 JavaThread "DestroyJavaVM"                     [_thread_blocked, id=4228, stack(0x000000f0f4600000,0x000000f0f4700000) (1024K)]
  0x00000204618ab2f0 JavaThread "D3D Screen Updater"         daemon [_thread_blocked, id=3168, stack(0x000000f0f6600000,0x000000f0f6700000) (1024K)]
  0x0000020469229ed0 JavaThread "TimerQueue"                 daemon [_thread_blocked, id=22632, stack(0x000000f0f6800000,0x000000f0f6900000) (1024K)]
  0x00000204693670a0 JavaThread "mysql-cj-abandoned-connection-cleanup" daemon [_thread_blocked, id=15788, stack(0x000000f0f6b00000,0x000000f0f6c00000) (1024K)]
Total: 18

Other Threads:
  0x0000020461728e60 VMThread "VM Thread"                           [id=14608, stack(0x000000f0f4d00000,0x000000f0f4e00000) (1024K)]
  0x0000020461714b40 WatcherThread "VM Periodic Task Thread"        [id=2480, stack(0x000000f0f4c00000,0x000000f0f4d00000) (1024K)]
  0x00000204497ae0c0 WorkerThread "GC Thread#0"                     [id=20396, stack(0x000000f0f4700000,0x000000f0f4800000) (1024K)]
  0x00000204693a6ae0 WorkerThread "GC Thread#1"                     [id=27432, stack(0x000000f0f6c00000,0x000000f0f6d00000) (1024K)]
  0x00000204693a6e80 WorkerThread "GC Thread#2"                     [id=26276, stack(0x000000f0f6d00000,0x000000f0f6e00000) (1024K)]
  0x00000204693a7220 WorkerThread "GC Thread#3"                     [id=23816, stack(0x000000f0f6e00000,0x000000f0f6f00000) (1024K)]
  0x00000204693a75c0 WorkerThread "GC Thread#4"                     [id=25108, stack(0x000000f0f6f00000,0x000000f0f7000000) (1024K)]
  0x00000204693a7960 WorkerThread "GC Thread#5"                     [id=7868, stack(0x000000f0f7000000,0x000000f0f7100000) (1024K)]
  0x000002046ce03570 WorkerThread "GC Thread#6"                     [id=26304, stack(0x000000f0f7100000,0x000000f0f7200000) (1024K)]
  0x0000020469256010 WorkerThread "GC Thread#7"                     [id=26192, stack(0x000000f0f7200000,0x000000f0f7300000) (1024K)]
  0x00000204692575d0 WorkerThread "GC Thread#8"                     [id=24280, stack(0x000000f0f7300000,0x000000f0f7400000) (1024K)]
  0x00000204692563b0 WorkerThread "GC Thread#9"                     [id=22944, stack(0x000000f0f7400000,0x000000f0f7500000) (1024K)]
  0x00000204497bdb20 ConcurrentGCThread "G1 Main Marker"            [id=1624, stack(0x000000f0f4800000,0x000000f0f4900000) (1024K)]
  0x00000204497be620 WorkerThread "G1 Conc#0"                       [id=27216, stack(0x000000f0f4900000,0x000000f0f4a00000) (1024K)]
  0x000002044981e790 ConcurrentGCThread "G1 Refine#0"               [id=26308, stack(0x000000f0f4a00000,0x000000f0f4b00000) (1024K)]
  0x00000204615e34d0 ConcurrentGCThread "G1 Service"                [id=8380, stack(0x000000f0f4b00000,0x000000f0f4c00000) (1024K)]
Total: 16

Threads with active compile tasks:
C2 CompilerThread0  4695457 2304       4       java.security.AccessController::getContext (23 bytes)
Total: 1

VM state: not at safepoint (normal execution)

VM Mutex/Monitor currently owned by a thread: None

Heap address: 0x000000008ac00000, size: 1876 MB, Compressed Oops mode: 32-bit

CDS archive(s) mapped at: [0x0000020400000000-0x0000020400c80000-0x0000020400c80000), size 13107200, SharedBaseAddress: 0x0000020400000000, ArchiveRelocationMode: 1.
Compressed class space mapped at: 0x0000020401000000-0x0000020441000000, reserved size: 1073741824
Narrow klass base: 0x0000020400000000, Narrow klass shift: 0, Narrow klass range: 0x100000000

GC Precious Log:
 CardTable entry size: 512
 Card Set container configuration: InlinePtr #cards 5 size 8 Array Of Cards #cards 12 size 40 Howl #buckets 4 coarsen threshold 1843 Howl Bitmap #cards 512 size 80 coarsen threshold 460 Card regions per heap region 1 cards per card region 2048
 CPUs: 12 total, 12 available
 Memory: 7502M
 Large Page Support: Disabled
 NUMA Support: Disabled
 Compressed Oops: Enabled (32-bit)
 Heap Region Size: 1M
 Heap Min Capacity: 8M
 Heap Initial Capacity: 118M
 Heap Max Capacity: 1876M
 Pre-touch: Disabled
 Parallel Workers: 10
 Concurrent Workers: 3
 Concurrent Refinement Workers: 10
 Periodic GC: Disabled

Heap:
 garbage-first heap   total 120832K, used 8192K [0x000000008ac00000, 0x0000000100000000)
  region size 1024K, 7 young (7168K), 3 survivors (3072K)
 Metaspace       used 15518K, committed 15744K, reserved 1114112K
  class space    used 1686K, committed 1792K, reserved 1048576K

Heap Regions: E=young(eden), S=young(survivor), O=old, HS=humongous(starts), HC=humongous(continues), CS=collection set, F=free, TAMS=top-at-mark-start, PB=parsable bottom
|   0|0x000000008ac00000, 0x000000008ad00000, 0x000000008ad00000|100%| O|  |TAMS 0x000000008ac00000| PB 0x000000008ac00000| Untracked 
|   1|0x000000008ad00000, 0x000000008ae00000, 0x000000008ae00000|100%| O|  |TAMS 0x000000008ad00000| PB 0x000000008ad00000| Untracked 
|   2|0x000000008ae00000, 0x000000008ae00000, 0x000000008af00000|  0%| F|  |TAMS 0x000000008ae00000| PB 0x000000008ae00000| Untracked 
|   3|0x000000008af00000, 0x000000008af00000, 0x000000008b000000|  0%| F|  |TAMS 0x000000008af00000| PB 0x000000008af00000| Untracked 
|   4|0x000000008b000000, 0x000000008b000000, 0x000000008b100000|  0%| F|  |TAMS 0x000000008b000000| PB 0x000000008b000000| Untracked 
|   5|0x000000008b100000, 0x000000008b100000, 0x000000008b200000|  0%| F|  |TAMS 0x000000008b100000| PB 0x000000008b100000| Untracked 
|   6|0x000000008b200000, 0x000000008b200000, 0x000000008b300000|  0%| F|  |TAMS 0x000000008b200000| PB 0x000000008b200000| Untracked 
|   7|0x000000008b300000, 0x000000008b300000, 0x000000008b400000|  0%| F|  |TAMS 0x000000008b300000| PB 0x000000008b300000| Untracked 
|   8|0x000000008b400000, 0x000000008b400000, 0x000000008b500000|  0%| F|  |TAMS 0x000000008b400000| PB 0x000000008b400000| Untracked 
|   9|0x000000008b500000, 0x000000008b500000, 0x000000008b600000|  0%| F|  |TAMS 0x000000008b500000| PB 0x000000008b500000| Untracked 
|  10|0x000000008b600000, 0x000000008b600000, 0x000000008b700000|  0%| F|  |TAMS 0x000000008b600000| PB 0x000000008b600000| Untracked 
|  11|0x000000008b700000, 0x000000008b700000, 0x000000008b800000|  0%| F|  |TAMS 0x000000008b700000| PB 0x000000008b700000| Untracked 
|  12|0x000000008b800000, 0x000000008b800000, 0x000000008b900000|  0%| F|  |TAMS 0x000000008b800000| PB 0x000000008b800000| Untracked 
|  13|0x000000008b900000, 0x000000008b900000, 0x000000008ba00000|  0%| F|  |TAMS 0x000000008b900000| PB 0x000000008b900000| Untracked 
|  14|0x000000008ba00000, 0x000000008ba00000, 0x000000008bb00000|  0%| F|  |TAMS 0x000000008ba00000| PB 0x000000008ba00000| Untracked 
|  15|0x000000008bb00000, 0x000000008bb00000, 0x000000008bc00000|  0%| F|  |TAMS 0x000000008bb00000| PB 0x000000008bb00000| Untracked 
|  16|0x000000008bc00000, 0x000000008bc00000, 0x000000008bd00000|  0%| F|  |TAMS 0x000000008bc00000| PB 0x000000008bc00000| Untracked 
|  17|0x000000008bd00000, 0x000000008bd00000, 0x000000008be00000|  0%| F|  |TAMS 0x000000008bd00000| PB 0x000000008bd00000| Untracked 
|  18|0x000000008be00000, 0x000000008be00000, 0x000000008bf00000|  0%| F|  |TAMS 0x000000008be00000| PB 0x000000008be00000| Untracked 
|  19|0x000000008bf00000, 0x000000008bf00000, 0x000000008c000000|  0%| F|  |TAMS 0x000000008bf00000| PB 0x000000008bf00000| Untracked 
|  20|0x000000008c000000, 0x000000008c000000, 0x000000008c100000|  0%| F|  |TAMS 0x000000008c000000| PB 0x000000008c000000| Untracked 
|  21|0x000000008c100000, 0x000000008c100000, 0x000000008c200000|  0%| F|  |TAMS 0x000000008c100000| PB 0x000000008c100000| Untracked 
|  22|0x000000008c200000, 0x000000008c200000, 0x000000008c300000|  0%| F|  |TAMS 0x000000008c200000| PB 0x000000008c200000| Untracked 
|  23|0x000000008c300000, 0x000000008c300000, 0x000000008c400000|  0%| F|  |TAMS 0x000000008c300000| PB 0x000000008c300000| Untracked 
|  24|0x000000008c400000, 0x000000008c400000, 0x000000008c500000|  0%| F|  |TAMS 0x000000008c400000| PB 0x000000008c400000| Untracked 
|  25|0x000000008c500000, 0x000000008c500000, 0x000000008c600000|  0%| F|  |TAMS 0x000000008c500000| PB 0x000000008c500000| Untracked 
|  26|0x000000008c600000, 0x000000008c600000, 0x000000008c700000|  0%| F|  |TAMS 0x000000008c600000| PB 0x000000008c600000| Untracked 
|  27|0x000000008c700000, 0x000000008c700000, 0x000000008c800000|  0%| F|  |TAMS 0x000000008c700000| PB 0x000000008c700000| Untracked 
|  28|0x000000008c800000, 0x000000008c800000, 0x000000008c900000|  0%| F|  |TAMS 0x000000008c800000| PB 0x000000008c800000| Untracked 
|  29|0x000000008c900000, 0x000000008c900000, 0x000000008ca00000|  0%| F|  |TAMS 0x000000008c900000| PB 0x000000008c900000| Untracked 
|  30|0x000000008ca00000, 0x000000008ca00000, 0x000000008cb00000|  0%| F|  |TAMS 0x000000008ca00000| PB 0x000000008ca00000| Untracked 
|  31|0x000000008cb00000, 0x000000008cb00000, 0x000000008cc00000|  0%| F|  |TAMS 0x000000008cb00000| PB 0x000000008cb00000| Untracked 
|  32|0x000000008cc00000, 0x000000008cc00000, 0x000000008cd00000|  0%| F|  |TAMS 0x000000008cc00000| PB 0x000000008cc00000| Untracked 
|  33|0x000000008cd00000, 0x000000008cd00000, 0x000000008ce00000|  0%| F|  |TAMS 0x000000008cd00000| PB 0x000000008cd00000| Untracked 
|  34|0x000000008ce00000, 0x000000008ce00000, 0x000000008cf00000|  0%| F|  |TAMS 0x000000008ce00000| PB 0x000000008ce00000| Untracked 
|  35|0x000000008cf00000, 0x000000008cf00000, 0x000000008d000000|  0%| F|  |TAMS 0x000000008cf00000| PB 0x000000008cf00000| Untracked 
|  36|0x000000008d000000, 0x000000008d000000, 0x000000008d100000|  0%| F|  |TAMS 0x000000008d000000| PB 0x000000008d000000| Untracked 
|  37|0x000000008d100000, 0x000000008d100000, 0x000000008d200000|  0%| F|  |TAMS 0x000000008d100000| PB 0x000000008d100000| Untracked 
|  38|0x000000008d200000, 0x000000008d200000, 0x000000008d300000|  0%| F|  |TAMS 0x000000008d200000| PB 0x000000008d200000| Untracked 
|  39|0x000000008d300000, 0x000000008d300000, 0x000000008d400000|  0%| F|  |TAMS 0x000000008d300000| PB 0x000000008d300000| Untracked 
|  40|0x000000008d400000, 0x000000008d400000, 0x000000008d500000|  0%| F|  |TAMS 0x000000008d400000| PB 0x000000008d400000| Untracked 
|  41|0x000000008d500000, 0x000000008d500000, 0x000000008d600000|  0%| F|  |TAMS 0x000000008d500000| PB 0x000000008d500000| Untracked 
|  42|0x000000008d600000, 0x000000008d600000, 0x000000008d700000|  0%| F|  |TAMS 0x000000008d600000| PB 0x000000008d600000| Untracked 
|  43|0x000000008d700000, 0x000000008d700000, 0x000000008d800000|  0%| F|  |TAMS 0x000000008d700000| PB 0x000000008d700000| Untracked 
|  44|0x000000008d800000, 0x000000008d800000, 0x000000008d900000|  0%| F|  |TAMS 0x000000008d800000| PB 0x000000008d800000| Untracked 
|  45|0x000000008d900000, 0x000000008d900000, 0x000000008da00000|  0%| F|  |TAMS 0x000000008d900000| PB 0x000000008d900000| Untracked 
|  46|0x000000008da00000, 0x000000008da00000, 0x000000008db00000|  0%| F|  |TAMS 0x000000008da00000| PB 0x000000008da00000| Untracked 
|  47|0x000000008db00000, 0x000000008db00000, 0x000000008dc00000|  0%| F|  |TAMS 0x000000008db00000| PB 0x000000008db00000| Untracked 
|  48|0x000000008dc00000, 0x000000008dc00000, 0x000000008dd00000|  0%| F|  |TAMS 0x000000008dc00000| PB 0x000000008dc00000| Untracked 
|  49|0x000000008dd00000, 0x000000008dd00000, 0x000000008de00000|  0%| F|  |TAMS 0x000000008dd00000| PB 0x000000008dd00000| Untracked 
|  50|0x000000008de00000, 0x000000008de00000, 0x000000008df00000|  0%| F|  |TAMS 0x000000008de00000| PB 0x000000008de00000| Untracked 
|  51|0x000000008df00000, 0x000000008df00000, 0x000000008e000000|  0%| F|  |TAMS 0x000000008df00000| PB 0x000000008df00000| Untracked 
|  52|0x000000008e000000, 0x000000008e000000, 0x000000008e100000|  0%| F|  |TAMS 0x000000008e000000| PB 0x000000008e000000| Untracked 
|  53|0x000000008e100000, 0x000000008e100000, 0x000000008e200000|  0%| F|  |TAMS 0x000000008e100000| PB 0x000000008e100000| Untracked 
|  54|0x000000008e200000, 0x000000008e200000, 0x000000008e300000|  0%| F|  |TAMS 0x000000008e200000| PB 0x000000008e200000| Untracked 
|  55|0x000000008e300000, 0x000000008e300000, 0x000000008e400000|  0%| F|  |TAMS 0x000000008e300000| PB 0x000000008e300000| Untracked 
|  56|0x000000008e400000, 0x000000008e400000, 0x000000008e500000|  0%| F|  |TAMS 0x000000008e400000| PB 0x000000008e400000| Untracked 
|  57|0x000000008e500000, 0x000000008e500000, 0x000000008e600000|  0%| F|  |TAMS 0x000000008e500000| PB 0x000000008e500000| Untracked 
|  58|0x000000008e600000, 0x000000008e600000, 0x000000008e700000|  0%| F|  |TAMS 0x000000008e600000| PB 0x000000008e600000| Untracked 
|  59|0x000000008e700000, 0x000000008e700000, 0x000000008e800000|  0%| F|  |TAMS 0x000000008e700000| PB 0x000000008e700000| Untracked 
|  60|0x000000008e800000, 0x000000008e800000, 0x000000008e900000|  0%| F|  |TAMS 0x000000008e800000| PB 0x000000008e800000| Untracked 
|  61|0x000000008e900000, 0x000000008e900000, 0x000000008ea00000|  0%| F|  |TAMS 0x000000008e900000| PB 0x000000008e900000| Untracked 
|  62|0x000000008ea00000, 0x000000008ea00000, 0x000000008eb00000|  0%| F|  |TAMS 0x000000008ea00000| PB 0x000000008ea00000| Untracked 
|  63|0x000000008eb00000, 0x000000008eb00000, 0x000000008ec00000|  0%| F|  |TAMS 0x000000008eb00000| PB 0x000000008eb00000| Untracked 
|  64|0x000000008ec00000, 0x000000008ec00000, 0x000000008ed00000|  0%| F|  |TAMS 0x000000008ec00000| PB 0x000000008ec00000| Untracked 
|  65|0x000000008ed00000, 0x000000008ed00000, 0x000000008ee00000|  0%| F|  |TAMS 0x000000008ed00000| PB 0x000000008ed00000| Untracked 
|  66|0x000000008ee00000, 0x000000008ee00000, 0x000000008ef00000|  0%| F|  |TAMS 0x000000008ee00000| PB 0x000000008ee00000| Untracked 
|  67|0x000000008ef00000, 0x000000008ef00000, 0x000000008f000000|  0%| F|  |TAMS 0x000000008ef00000| PB 0x000000008ef00000| Untracked 
|  68|0x000000008f000000, 0x000000008f000000, 0x000000008f100000|  0%| F|  |TAMS 0x000000008f000000| PB 0x000000008f000000| Untracked 
|  69|0x000000008f100000, 0x000000008f100000, 0x000000008f200000|  0%| F|  |TAMS 0x000000008f100000| PB 0x000000008f100000| Untracked 
|  70|0x000000008f200000, 0x000000008f200000, 0x000000008f300000|  0%| F|  |TAMS 0x000000008f200000| PB 0x000000008f200000| Untracked 
|  71|0x000000008f300000, 0x000000008f300000, 0x000000008f400000|  0%| F|  |TAMS 0x000000008f300000| PB 0x000000008f300000| Untracked 
|  72|0x000000008f400000, 0x000000008f400000, 0x000000008f500000|  0%| F|  |TAMS 0x000000008f400000| PB 0x000000008f400000| Untracked 
|  73|0x000000008f500000, 0x000000008f500000, 0x000000008f600000|  0%| F|  |TAMS 0x000000008f500000| PB 0x000000008f500000| Untracked 
|  74|0x000000008f600000, 0x000000008f600000, 0x000000008f700000|  0%| F|  |TAMS 0x000000008f600000| PB 0x000000008f600000| Untracked 
|  75|0x000000008f700000, 0x000000008f700000, 0x000000008f800000|  0%| F|  |TAMS 0x000000008f700000| PB 0x000000008f700000| Untracked 
|  76|0x000000008f800000, 0x000000008f800000, 0x000000008f900000|  0%| F|  |TAMS 0x000000008f800000| PB 0x000000008f800000| Untracked 
|  77|0x000000008f900000, 0x000000008f900000, 0x000000008fa00000|  0%| F|  |TAMS 0x000000008f900000| PB 0x000000008f900000| Untracked 
|  78|0x000000008fa00000, 0x000000008fa00000, 0x000000008fb00000|  0%| F|  |TAMS 0x000000008fa00000| PB 0x000000008fa00000| Untracked 
|  79|0x000000008fb00000, 0x000000008fb00000, 0x000000008fc00000|  0%| F|  |TAMS 0x000000008fb00000| PB 0x000000008fb00000| Untracked 
|  80|0x000000008fc00000, 0x000000008fc00000, 0x000000008fd00000|  0%| F|  |TAMS 0x000000008fc00000| PB 0x000000008fc00000| Untracked 
|  81|0x000000008fd00000, 0x000000008fd00000, 0x000000008fe00000|  0%| F|  |TAMS 0x000000008fd00000| PB 0x000000008fd00000| Untracked 
|  82|0x000000008fe00000, 0x000000008fe00000, 0x000000008ff00000|  0%| F|  |TAMS 0x000000008fe00000| PB 0x000000008fe00000| Untracked 
|  83|0x000000008ff00000, 0x000000008ff00000, 0x0000000090000000|  0%| F|  |TAMS 0x000000008ff00000| PB 0x000000008ff00000| Untracked 
|  84|0x0000000090000000, 0x0000000090000000, 0x0000000090100000|  0%| F|  |TAMS 0x0000000090000000| PB 0x0000000090000000| Untracked 
|  85|0x0000000090100000, 0x0000000090100000, 0x0000000090200000|  0%| F|  |TAMS 0x0000000090100000| PB 0x0000000090100000| Untracked 
|  86|0x0000000090200000, 0x0000000090200000, 0x0000000090300000|  0%| F|  |TAMS 0x0000000090200000| PB 0x0000000090200000| Untracked 
|  87|0x0000000090300000, 0x0000000090300000, 0x0000000090400000|  0%| F|  |TAMS 0x0000000090300000| PB 0x0000000090300000| Untracked 
|  88|0x0000000090400000, 0x0000000090400000, 0x0000000090500000|  0%| F|  |TAMS 0x0000000090400000| PB 0x0000000090400000| Untracked 
|  89|0x0000000090500000, 0x0000000090500000, 0x0000000090600000|  0%| F|  |TAMS 0x0000000090500000| PB 0x0000000090500000| Untracked 
|  90|0x0000000090600000, 0x0000000090600000, 0x0000000090700000|  0%| F|  |TAMS 0x0000000090600000| PB 0x0000000090600000| Untracked 
|  91|0x0000000090700000, 0x0000000090700000, 0x0000000090800000|  0%| F|  |TAMS 0x0000000090700000| PB 0x0000000090700000| Untracked 
|  92|0x0000000090800000, 0x0000000090900000, 0x0000000090900000|100%| S|CS|TAMS 0x0000000090800000| PB 0x0000000090800000| Complete 
|  93|0x0000000090900000, 0x0000000090a00000, 0x0000000090a00000|100%| S|CS|TAMS 0x0000000090900000| PB 0x0000000090900000| Complete 
|  94|0x0000000090a00000, 0x0000000090b00000, 0x0000000090b00000|100%| S|CS|TAMS 0x0000000090a00000| PB 0x0000000090a00000| Complete 
|  95|0x0000000090b00000, 0x0000000090b00000, 0x0000000090c00000|  0%| F|  |TAMS 0x0000000090b00000| PB 0x0000000090b00000| Untracked 
|  96|0x0000000090c00000, 0x0000000090c00000, 0x0000000090d00000|  0%| F|  |TAMS 0x0000000090c00000| PB 0x0000000090c00000| Untracked 
|  97|0x0000000090d00000, 0x0000000090d00000, 0x0000000090e00000|  0%| F|  |TAMS 0x0000000090d00000| PB 0x0000000090d00000| Untracked 
|  98|0x0000000090e00000, 0x0000000090e00000, 0x0000000090f00000|  0%| F|  |TAMS 0x0000000090e00000| PB 0x0000000090e00000| Untracked 
|  99|0x0000000090f00000, 0x0000000090f00000, 0x0000000091000000|  0%| F|  |TAMS 0x0000000090f00000| PB 0x0000000090f00000| Untracked 
| 100|0x0000000091000000, 0x0000000091000000, 0x0000000091100000|  0%| F|  |TAMS 0x0000000091000000| PB 0x0000000091000000| Untracked 
| 101|0x0000000091100000, 0x0000000091100000, 0x0000000091200000|  0%| F|  |TAMS 0x0000000091100000| PB 0x0000000091100000| Untracked 
| 102|0x0000000091200000, 0x0000000091200000, 0x0000000091300000|  0%| F|  |TAMS 0x0000000091200000| PB 0x0000000091200000| Untracked 
| 103|0x0000000091300000, 0x0000000091300000, 0x0000000091400000|  0%| F|  |TAMS 0x0000000091300000| PB 0x0000000091300000| Untracked 
| 104|0x0000000091400000, 0x0000000091400000, 0x0000000091500000|  0%| F|  |TAMS 0x0000000091400000| PB 0x0000000091400000| Untracked 
| 105|0x0000000091500000, 0x0000000091500000, 0x0000000091600000|  0%| F|  |TAMS 0x0000000091500000| PB 0x0000000091500000| Untracked 
| 106|0x0000000091600000, 0x0000000091600000, 0x0000000091700000|  0%| F|  |TAMS 0x0000000091600000| PB 0x0000000091600000| Untracked 
| 107|0x0000000091700000, 0x0000000091700000, 0x0000000091800000|  0%| F|  |TAMS 0x0000000091700000| PB 0x0000000091700000| Untracked 
| 108|0x0000000091800000, 0x0000000091800000, 0x0000000091900000|  0%| F|  |TAMS 0x0000000091800000| PB 0x0000000091800000| Untracked 
| 109|0x0000000091900000, 0x0000000091900000, 0x0000000091a00000|  0%| F|  |TAMS 0x0000000091900000| PB 0x0000000091900000| Untracked 
| 110|0x0000000091a00000, 0x0000000091a00000, 0x0000000091b00000|  0%| F|  |TAMS 0x0000000091a00000| PB 0x0000000091a00000| Untracked 
| 111|0x0000000091b00000, 0x0000000091b00000, 0x0000000091c00000|  0%| F|  |TAMS 0x0000000091b00000| PB 0x0000000091b00000| Untracked 
| 112|0x0000000091c00000, 0x0000000091c00000, 0x0000000091d00000|  0%| F|  |TAMS 0x0000000091c00000| PB 0x0000000091c00000| Untracked 
| 113|0x0000000091d00000, 0x0000000091d00000, 0x0000000091e00000|  0%| F|  |TAMS 0x0000000091d00000| PB 0x0000000091d00000| Untracked 
| 114|0x0000000091e00000, 0x0000000091ecd558, 0x0000000091f00000| 80%| E|  |TAMS 0x0000000091e00000| PB 0x0000000091e00000| Complete 
| 115|0x0000000091f00000, 0x0000000092000000, 0x0000000092000000|100%| E|CS|TAMS 0x0000000091f00000| PB 0x0000000091f00000| Complete 
| 116|0x0000000092000000, 0x0000000092100000, 0x0000000092100000|100%| E|CS|TAMS 0x0000000092000000| PB 0x0000000092000000| Complete 
| 117|0x0000000092100000, 0x0000000092200000, 0x0000000092200000|100%| E|CS|TAMS 0x0000000092100000| PB 0x0000000092100000| Complete 

Card table byte_map: [0x000002045ca00000,0x000002045cdb0000] _byte_map_base: 0x000002045c5aa000

Marking Bits: (CMBitMap*) 0x00000204497ae7c0
 Bits: [0x000002045cdb0000, 0x000002045eb00000)

Polling page: 0x0000020448f20000

Metaspace:

Usage:
  Non-class:     13.51 MB used.
      Class:      1.65 MB used.
       Both:     15.16 MB used.

Virtual space:
  Non-class space:       64.00 MB reserved,      13.62 MB ( 21%) committed,  1 nodes.
      Class space:        1.00 GB reserved,       1.75 MB ( <1%) committed,  1 nodes.
             Both:        1.06 GB reserved,      15.38 MB (  1%) committed. 

Chunk freelists:
   Non-Class:  2.19 MB
       Class:  14.14 MB
        Both:  16.33 MB

MaxMetaspaceSize: unlimited
CompressedClassSpaceSize: 1.00 GB
Initial GC threshold: 21.00 MB
Current GC threshold: 21.00 MB
CDS: on
 - commit_granule_bytes: 65536.
 - commit_granule_words: 8192.
 - virtual_space_node_default_size: 8388608.
 - enlarge_chunks_in_place: 1.
 - use_allocation_guard: 0.


Internal statistics:

num_allocs_failed_limit: 0.
num_arena_births: 190.
num_arena_deaths: 0.
num_vsnodes_births: 2.
num_vsnodes_deaths: 0.
num_space_committed: 246.
num_space_uncommitted: 0.
num_chunks_returned_to_freelist: 0.
num_chunks_taken_from_freelist: 378.
num_chunk_merges: 0.
num_chunk_splits: 242.
num_chunks_enlarged: 146.
num_inconsistent_stats: 0.

CodeHeap 'non-profiled nmethods': size=120000Kb used=701Kb max_used=701Kb free=119299Kb
 bounds [0x0000020454bd0000, 0x0000020454e40000, 0x000002045c100000]
CodeHeap 'profiled nmethods': size=120000Kb used=4336Kb max_used=4336Kb free=115664Kb
 bounds [0x000002044d100000, 0x000002044d540000, 0x0000020454630000]
CodeHeap 'non-nmethods': size=5760Kb used=1572Kb max_used=1590Kb free=4187Kb
 bounds [0x0000020454630000, 0x00000204548a0000, 0x0000020454bd0000]
CodeCache: size=245760Kb, used=6609Kb, max_used=6627Kb, free=239150Kb
 total_blobs=3031, nmethods=2303, adapters=632, full_count=0
Compilation: enabled, stopped_count=0, restarted_count=0

Compilation events (20 events):
Event: 2777.904 Thread 0x00000204617499c0 nmethod 2294 0x0000020454c79b10 code [0x0000020454c79ce0, 0x0000020454c79f98]
Event: 3647.277 Thread 0x00000204617499c0 2295 % !   4       sun.java2d.d3d.D3DScreenUpdateManager::run @ 105 (267 bytes)
Event: 3647.316 Thread 0x00000204617499c0 nmethod 2295% 0x0000020454c7a210 code [0x0000020454c7a4a0, 0x0000020454c7b6a0]
Event: 3784.601 Thread 0x00000204617499c0 2296       4       java.lang.String::startsWith (123 bytes)
Event: 3784.620 Thread 0x00000204617499c0 nmethod 2296 0x0000020454c7bf90 code [0x0000020454c7c140, 0x0000020454c7c458]
Event: 3944.011 Thread 0x00000204617499c0 2297 % !   4       sun.java2d.d3d.D3DScreenUpdateManager::run @ 0 (267 bytes)
Event: 3944.028 Thread 0x00000204617499c0 nmethod 2297% 0x0000020454c7c690 code [0x0000020454c7c900, 0x0000020454c7da90]
Event: 4341.436 Thread 0x000002046174a450 2298       3       java.util.HashMap$EntryIterator::next (5 bytes)
Event: 4341.442 Thread 0x000002046174a450 nmethod 2298 0x000002044d538690 code [0x000002044d538840, 0x000002044d5389d8]
Event: 4341.442 Thread 0x000002046174a450 2299       3       java.util.HashMap$EntryIterator::next (5 bytes)
Event: 4341.442 Thread 0x000002046174a450 nmethod 2299 0x000002044d538a90 code [0x000002044d538c40, 0x000002044d538d78]
Event: 4341.481 Thread 0x000002046174a450 2300   !   3       java.lang.ref.NativeReferenceQueue::poll (28 bytes)
Event: 4341.484 Thread 0x000002046174a450 nmethod 2300 0x000002044d538e10 code [0x000002044d538fe0, 0x000002044d539328]
Event: 4341.484 Thread 0x000002046174a450 2302   !   3       java.util.concurrent.ConcurrentHashMap::replaceNode (437 bytes)
Event: 4341.515 Thread 0x000002046174a450 nmethod 2302 0x000002044d539490 code [0x000002044d539800, 0x000002044d53afa8]
Event: 4341.515 Thread 0x000002046174a450 2301       3       java.util.concurrent.ConcurrentHashMap::remove (8 bytes)
Event: 4341.516 Thread 0x000002046174a450 nmethod 2301 0x000002044d53bc90 code [0x000002044d53be40, 0x000002044d53bf90]
Event: 4341.703 Thread 0x00000204617499c0 2303       4       sun.util.logging.PlatformLogger::isLoggable (23 bytes)
Event: 4341.727 Thread 0x00000204617499c0 nmethod 2303 0x0000020454c7e390 code [0x0000020454c7e5a0, 0x0000020454c7f008]
Event: 4695.363 Thread 0x00000204617499c0 2304       4       java.security.AccessController::getContext (23 bytes)

GC Heap History (2 events):
Event: 25.862 GC heap before
{Heap before GC invocations=0 (full 0):
 garbage-first heap   total 120832K, used 22528K [0x000000008ac00000, 0x0000000100000000)
  region size 1024K, 23 young (23552K), 0 survivors (0K)
 Metaspace       used 15436K, committed 15680K, reserved 1114112K
  class space    used 1685K, committed 1792K, reserved 1048576K
}
Event: 25.873 GC heap after
{Heap after GC invocations=1 (full 0):
 garbage-first heap   total 120832K, used 5120K [0x000000008ac00000, 0x0000000100000000)
  region size 1024K, 3 young (3072K), 3 survivors (3072K)
 Metaspace       used 15436K, committed 15680K, reserved 1114112K
  class space    used 1685K, committed 1792K, reserved 1048576K
}

Dll operation events (10 events):
Event: 0.014 Loaded shared library C:\Users\kovvu\Downloads\eclipse-java-2025-12-R-win32-x86_64\eclipse\plugins\org.eclipse.justj.openjdk.hotspot.jre.full.win32.x86_64_21.0.9.v20251105-0741\jre\bin\java.dll
Event: 0.065 Loaded shared library C:\Users\kovvu\Downloads\eclipse-java-2025-12-R-win32-x86_64\eclipse\plugins\org.eclipse.justj.openjdk.hotspot.jre.full.win32.x86_64_21.0.9.v20251105-0741\jre\bin\zip.dll
Event: 0.139 Loaded shared library C:\Users\kovvu\Downloads\eclipse-java-2025-12-R-win32-x86_64\eclipse\plugins\org.eclipse.justj.openjdk.hotspot.jre.full.win32.x86_64_21.0.9.v20251105-0741\jre\bin\jimage.dll
Event: 0.148 Loaded shared library C:\Users\kovvu\Downloads\eclipse-java-2025-12-R-win32-x86_64\eclipse\plugins\org.eclipse.justj.openjdk.hotspot.jre.full.win32.x86_64_21.0.9.v20251105-0741\jre\bin\net.dll
Event: 0.151 Loaded shared library C:\Users\kovvu\Downloads\eclipse-java-2025-12-R-win32-x86_64\eclipse\plugins\org.eclipse.justj.openjdk.hotspot.jre.full.win32.x86_64_21.0.9.v20251105-0741\jre\bin\nio.dll
Event: 0.163 Loaded shared library C:\Users\kovvu\Downloads\eclipse-java-2025-12-R-win32-x86_64\eclipse\plugins\org.eclipse.justj.openjdk.hotspot.jre.full.win32.x86_64_21.0.9.v20251105-0741\jre\bin\zip.dll
Event: 0.188 Loaded shared library C:\Users\kovvu\Downloads\eclipse-java-2025-12-R-win32-x86_64\eclipse\plugins\org.eclipse.justj.openjdk.hotspot.jre.full.win32.x86_64_21.0.9.v20251105-0741\jre\bin\awt.dll
Event: 0.565 Loaded shared library C:\Users\kovvu\Downloads\eclipse-java-2025-12-R-win32-x86_64\eclipse\plugins\org.eclipse.justj.openjdk.hotspot.jre.full.win32.x86_64_21.0.9.v20251105-0741\jre\bin\freetype.dll
Event: 0.566 Loaded shared library C:\Users\kovvu\Downloads\eclipse-java-2025-12-R-win32-x86_64\eclipse\plugins\org.eclipse.justj.openjdk.hotspot.jre.full.win32.x86_64_21.0.9.v20251105-0741\jre\bin\fontmanager.dll
Event: 18.480 Loaded shared library C:\Users\kovvu\Downloads\eclipse-java-2025-12-R-win32-x86_64\eclipse\plugins\org.eclipse.justj.openjdk.hotspot.jre.full.win32.x86_64_21.0.9.v20251105-0741\jre\bin\extnet.dll

Deoptimization events (20 events):
Event: 23.129 Thread 0x000002046905fcb0 DEOPT PACKING pc=0x0000020454c4ff64 sp=0x000000f0f65fdb80
Event: 23.129 Thread 0x000002046905fcb0 DEOPT UNPACKING pc=0x0000020454684422 sp=0x000000f0f65fdb38 mode 2
Event: 23.129 Thread 0x000002046905fcb0 Uncommon trap: trap_request=0xffffffde fr.pc=0x0000020454c4ff64 relative=0x0000000000000304
Event: 23.129 Thread 0x000002046905fcb0 Uncommon trap: reason=class_check action=maybe_recompile pc=0x0000020454c4ff64 method=java.util.regex.Pattern$BmpCharPropertyGreedy.match(Ljava/util/regex/Matcher;ILjava/lang/CharSequence;)Z @ 26 c2
Event: 23.129 Thread 0x000002046905fcb0 DEOPT PACKING pc=0x0000020454c4ff64 sp=0x000000f0f65fd8e0
Event: 23.129 Thread 0x000002046905fcb0 DEOPT UNPACKING pc=0x0000020454684422 sp=0x000000f0f65fd898 mode 2
Event: 440.873 Thread 0x00000204618ab2f0 Uncommon trap: trap_request=0xffffffcc fr.pc=0x0000020454c76614 relative=0x0000000000000254
Event: 440.873 Thread 0x00000204618ab2f0 Uncommon trap: reason=intrinsic_or_type_checked_inlining action=make_not_entrant pc=0x0000020454c76614 method=java.util.Arrays.copyOf([Ljava/lang/Object;ILjava/lang/Class;)[Ljava/lang/Object; @ 35 c2
Event: 440.873 Thread 0x00000204618ab2f0 DEOPT PACKING pc=0x0000020454c76614 sp=0x000000f0f66ff540
Event: 440.873 Thread 0x00000204618ab2f0 DEOPT UNPACKING pc=0x0000020454684422 sp=0x000000f0f66ff4d0 mode 2
Event: 542.658 Thread 0x00000204618ab2f0 Uncommon trap: trap_request=0xffffffdc fr.pc=0x0000020454c77cf0 relative=0x00000000000001b0
Event: 542.658 Thread 0x00000204618ab2f0 Uncommon trap: reason=class_check action=make_not_entrant pc=0x0000020454c77cf0 method=java.util.ArrayList.toArray([Ljava/lang/Object;)[Ljava/lang/Object; @ 21 c2
Event: 542.658 Thread 0x00000204618ab2f0 DEOPT PACKING pc=0x0000020454c77cf0 sp=0x000000f0f66ff5a0
Event: 542.658 Thread 0x00000204618ab2f0 DEOPT UNPACKING pc=0x0000020454684422 sp=0x000000f0f66ff560 mode 2
Event: 4341.455 Thread 0x0000020461a78da0 Uncommon trap: trap_request=0xffffff45 fr.pc=0x0000020454c4398c relative=0x000000000000006c
Event: 4341.455 Thread 0x0000020461a78da0 Uncommon trap: reason=unstable_if action=reinterpret pc=0x0000020454c4398c method=java.lang.ref.ReferenceQueue.headIsNull()Z @ 4 c2
Event: 4341.456 Thread 0x0000020461a78da0 DEOPT PACKING pc=0x0000020454c4398c sp=0x000000f0f5afdb30
Event: 4341.458 Thread 0x0000020461a78da0 DEOPT UNPACKING pc=0x0000020454684422 sp=0x000000f0f5afda58 mode 2
Event: 4370.734 Thread 0x00000204618ab2f0 DEOPT PACKING pc=0x000002044d533879 sp=0x000000f0f66ff540
Event: 4370.734 Thread 0x00000204618ab2f0 DEOPT UNPACKING pc=0x0000020454684bc2 sp=0x000000f0f66feae0 mode 0

Classes loaded (20 events):
Event: 23.134 Loading class sun/text/resources/cldr/FormatData_en
Event: 23.135 Loading class sun/text/resources/cldr/FormatData_en done
Event: 23.136 Loading class sun/util/resources/Bundles$2
Event: 23.136 Loading class sun/util/resources/Bundles$2 done
Event: 23.146 Loading class java/util/Vector$1
Event: 23.146 Loading class java/util/Vector$1 done
Event: 23.227 Loading class javax/swing/plaf/metal/MetalBorders$TableHeaderBorder
Event: 23.227 Loading class javax/swing/plaf/metal/MetalBorders$TableHeaderBorder done
Event: 23.235 Loading class javax/swing/JTable$2
Event: 23.235 Loading class javax/swing/JTable$Resizable3
Event: 23.235 Loading class javax/swing/JTable$Resizable2
Event: 23.235 Loading class javax/swing/JTable$Resizable2 done
Event: 23.235 Loading class javax/swing/JTable$Resizable3 done
Event: 23.235 Loading class javax/swing/JTable$2 done
Event: 23.235 Loading class javax/swing/JTable$5
Event: 23.236 Loading class javax/swing/JTable$5 done
Event: 23.304 Loading class javax/swing/JTable$PrintMode
Event: 23.305 Loading class javax/swing/JTable$PrintMode done
Event: 23.305 Loading class javax/swing/table/DefaultTableCellRenderer$UIResource
Event: 23.305 Loading class javax/swing/table/DefaultTableCellRenderer$UIResource done

Classes unloaded (0 events):
No events

Classes redefined (0 events):
No events

Internal exceptions (18 events):
Event: 0.172 Thread 0x0000020447340c80 Exception <a 'java/lang/ClassNotFoundException'{0x0000000091f4c300}: sun/awt/resources/spi/awtProvider> (0x0000000091f4c300) 
thrown [s\src\hotspot\share\classfile\systemDictionary.cpp, line 312]
Event: 0.207 Thread 0x0000020447340c80 Exception <a 'java/io/FileNotFoundException'{0x0000000091fa83d0}> (0x0000000091fa83d0) 
thrown [s\src\hotspot\share\prims\jni.cpp, line 520]
Event: 0.217 Thread 0x0000020447340c80 Exception <a 'java/io/FileNotFoundException'{0x0000000091fd2f90}> (0x0000000091fd2f90) 
thrown [s\src\hotspot\share\prims\jni.cpp, line 520]
Event: 0.434 Thread 0x0000020447340c80 Exception <a 'java/lang/NoSuchMethodError'{0x0000000091e70490}: 'void java.lang.invoke.DirectMethodHandle$Holder.invokeSpecial(java.lang.Object, java.lang.Object, java.lang.Object)'> (0x0000000091e70490) 
thrown [s\src\hotspot\share\interpreter\linkResolver.cpp, line 773]
Event: 0.447 Thread 0x0000020447340c80 Exception <a 'java/lang/NoSuchMethodError'{0x0000000091d20ff0}: 'java.lang.Object java.lang.invoke.DirectMethodHandle$Holder.newInvokeSpecial(java.lang.Object, java.lang.Object, java.lang.Object, java.lang.Object, java.lang.Object)'> (0x0000000091d20ff0) 
thrown [s\src\hotspot\share\interpreter\linkResolver.cpp, line 773]
Event: 0.458 Thread 0x0000020447340c80 Exception <a 'java/lang/NoSuchMethodError'{0x0000000091d4d6c8}: 'java.lang.Object java.lang.invoke.DirectMethodHandle$Holder.invokeStatic(java.lang.Object, int, java.lang.Object)'> (0x0000000091d4d6c8) 
thrown [s\src\hotspot\share\interpreter\linkResolver.cpp, line 773]
Event: 0.489 Thread 0x0000020447340c80 Exception <a 'java/lang/ClassNotFoundException'{0x0000000091deea70}: com/sun/swing/internal/plaf/metal/resources/spi/metalProvider> (0x0000000091deea70) 
thrown [s\src\hotspot\share\classfile\systemDictionary.cpp, line 312]
Event: 0.491 Thread 0x0000020447340c80 Exception <a 'java/lang/ClassNotFoundException'{0x0000000091df2ac0}: com/sun/swing/internal/plaf/basic/resources/spi/basicProvider> (0x0000000091df2ac0) 
thrown [s\src\hotspot\share\classfile\systemDictionary.cpp, line 312]
Event: 0.508 Thread 0x0000020447340c80 Exception <a 'java/lang/NoSuchMethodError'{0x0000000091c12ca8}: 'int java.lang.invoke.Invokers$Holder.invokeExact_MT(java.lang.Object, java.lang.Object)'> (0x0000000091c12ca8) 
thrown [s\src\hotspot\share\interpreter\linkResolver.cpp, line 773]
Event: 0.533 Thread 0x0000020461a78da0 Exception <a 'java/lang/NoSuchMethodError'{0x0000000091efad38}: 'void java.lang.invoke.DirectMethodHandle$Holder.invokeVirtual(java.lang.Object, java.lang.Object)'> (0x0000000091efad38) 
thrown [s\src\hotspot\share\interpreter\linkResolver.cpp, line 773]
Event: 0.558 Thread 0x0000020447340c80 Exception <a 'java/lang/NoSuchMethodError'{0x0000000091c46a90}: 'void java.lang.invoke.DirectMethodHandle$Holder.invokeStaticInit(java.lang.Object)'> (0x0000000091c46a90) 
thrown [s\src\hotspot\share\interpreter\linkResolver.cpp, line 773]
Event: 2.912 Thread 0x000002046905fcb0 Exception <a 'java/lang/NoSuchMethodError'{0x0000000091ce75b8}: 'void java.lang.invoke.DirectMethodHandle$Holder.invokeSpecial(java.lang.Object, java.lang.Object, java.lang.Object, java.lang.Object, java.lang.Object)'> (0x0000000091ce75b8) 
thrown [s\src\hotspot\share\interpreter\linkResolver.cpp, line 773]
Event: 18.238 Thread 0x000002046905fcb0 Exception <a 'java/lang/NoSuchMethodError'{0x00000000919d7240}: 'void java.lang.invoke.DirectMethodHandle$Holder.invokeStatic(java.lang.Object, java.lang.Object)'> (0x00000000919d7240) 
thrown [s\src\hotspot\share\interpreter\linkResolver.cpp, line 773]
Event: 18.292 Thread 0x000002046905fcb0 Exception <a 'java/lang/NoSuchMethodError'{0x00000000918c9a40}: 'java.lang.Object java.lang.invoke.DirectMethodHandle$Holder.invokeInterface(java.lang.Object, java.lang.Object)'> (0x00000000918c9a40) 
thrown [s\src\hotspot\share\interpreter\linkResolver.cpp, line 773]
Event: 18.331 Thread 0x000002046905fcb0 Exception <a 'java/lang/NoSuchMethodError'{0x0000000091753148}: 'void java.lang.invoke.DirectMethodHandle$Holder.invokeStatic(java.lang.Object, java.lang.Object, java.lang.Object)'> (0x0000000091753148) 
thrown [s\src\hotspot\share\interpreter\linkResolver.cpp, line 773]
Event: 18.333 Thread 0x000002046905fcb0 Exception <a 'java/lang/NoSuchMethodError'{0x000000009175c330}: 'java.lang.Object java.lang.invoke.DirectMethodHandle$Holder.invokeVirtual(java.lang.Object, java.lang.Object, java.lang.Object)'> (0x000000009175c330) 
thrown [s\src\hotspot\share\interpreter\linkResolver.cpp, line 773]
Event: 18.825 Thread 0x000002046958b6f0 Exception <a 'java/lang/NoSuchMethodError'{0x0000000090ef56c0}: 'java.lang.Object java.lang.invoke.DirectMethodHandle$Holder.newInvokeSpecial(java.lang.Object, java.lang.Object, java.lang.Object, int, int, int, int, int)'> (0x0000000090ef56c0) 
thrown [s\src\hotspot\share\interpreter\linkResolver.cpp, line 773]
Event: 18.907 Thread 0x000002046905fcb0 Exception <a 'java/lang/NoSuchMethodError'{0x0000000090ee0618}: 'int java.lang.invoke.DirectMethodHandle$Holder.invokeStatic(java.lang.Object)'> (0x0000000090ee0618) 
thrown [s\src\hotspot\share\interpreter\linkResolver.cpp, line 773]

ZGC Phase Switch (0 events):
No events

VM Operations (20 events):
Event: 60.055 Executing VM operation: RendezvousGCThreads
Event: 60.055 Executing VM operation: RendezvousGCThreads done
Event: 256.973 Executing VM operation: Cleanup
Event: 256.973 Executing VM operation: Cleanup done
Event: 644.796 Executing VM operation: Cleanup
Event: 644.796 Executing VM operation: Cleanup done
Event: 1071.064 Executing VM operation: Cleanup
Event: 1071.064 Executing VM operation: Cleanup done
Event: 1195.318 Executing VM operation: Cleanup
Event: 1195.318 Executing VM operation: Cleanup done
Event: 1260.947 Executing VM operation: Cleanup
Event: 1260.947 Executing VM operation: Cleanup done
Event: 1786.302 Executing VM operation: Cleanup
Event: 1786.302 Executing VM operation: Cleanup done
Event: 2105.088 Executing VM operation: HandshakeAllThreads (HandshakeForDeflation)
Event: 2105.088 Executing VM operation: HandshakeAllThreads (HandshakeForDeflation) done
Event: 2105.088 Executing VM operation: RendezvousGCThreads
Event: 2105.088 Executing VM operation: RendezvousGCThreads done
Event: 4342.290 Executing VM operation: Cleanup
Event: 4342.290 Executing VM operation: Cleanup done

Memory protections (0 events):
No events

Nmethod flushes (0 events):
No events

Events (20 events):
Event: 0.068 Thread 0x0000020447340c80 Thread added: 0x0000020461745740
Event: 0.068 Thread 0x0000020447340c80 Thread added: 0x00000204617499c0
Event: 0.068 Thread 0x0000020447340c80 Thread added: 0x000002046174a450
Event: 0.100 Thread 0x0000020447340c80 Thread added: 0x0000020461894ae0
Event: 0.104 Thread 0x0000020447340c80 Thread added: 0x0000020461895f20
Event: 0.293 Thread 0x0000020447340c80 Thread added: 0x000002046192a2d0
Event: 0.295 Thread 0x0000020447340c80 Thread added: 0x0000020461a70480
Event: 0.297 Thread 0x0000020447340c80 Thread added: 0x0000020461a78da0
Event: 0.532 Thread 0x0000020461a78da0 Thread added: 0x000002046905fcb0
Event: 0.660 Thread 0x0000020447340c80 Thread exited: 0x0000020447340c80
Event: 0.660 Thread 0x0000020447340c80 Thread added: 0x0000020447340c80
Event: 0.668 Thread 0x000002046905fcb0 Thread added: 0x00000204618ab2f0
Event: 4.568 Thread 0x000002046905fcb0 Thread added: 0x0000020469229ed0
Event: 18.240 Thread 0x000002046905fcb0 Thread added: 0x00000204693670a0
Event: 18.312 Thread 0x00000204617499c0 Thread added: 0x00000204693a61f0
Event: 18.820 Thread 0x000002046905fcb0 Thread added: 0x000002046958b6f0
Event: 18.922 Thread 0x00000204693a61f0 Thread exited: 0x00000204693a61f0
Event: 20.621 Thread 0x00000204617499c0 Thread added: 0x000002046ceed280
Event: 21.082 Thread 0x000002046ceed280 Thread exited: 0x000002046ceed280
Event: 23.837 Thread 0x000002046958b6f0 Thread exited: 0x000002046958b6f0


Dynamic libraries:
0x00007ff7890e0000 - 0x00007ff7890ee000 	C:\Users\kovvu\Downloads\eclipse-java-2025-12-R-win32-x86_64\eclipse\plugins\org.eclipse.justj.openjdk.hotspot.jre.full.win32.x86_64_21.0.9.v20251105-0741\jre\bin\javaw.exe
0x00007ffae1a50000 - 0x00007ffae1c67000 	C:\windows\SYSTEM32\ntdll.dll
0x00007ffadfae0000 - 0x00007ffadfba4000 	C:\windows\System32\KERNEL32.DLL
0x00007ffadf260000 - 0x00007ffadf632000 	C:\windows\System32\KERNELBASE.dll
0x00007ffadeb70000 - 0x00007ffadec81000 	C:\windows\System32\ucrtbase.dll
0x00007ffac5d10000 - 0x00007ffac5d2e000 	C:\Users\kovvu\Downloads\eclipse-java-2025-12-R-win32-x86_64\eclipse\plugins\org.eclipse.justj.openjdk.hotspot.jre.full.win32.x86_64_21.0.9.v20251105-0741\jre\bin\VCRUNTIME140.dll
0x00007ffac5d80000 - 0x00007ffac5d98000 	C:\Users\kovvu\Downloads\eclipse-java-2025-12-R-win32-x86_64\eclipse\plugins\org.eclipse.justj.openjdk.hotspot.jre.full.win32.x86_64_21.0.9.v20251105-0741\jre\bin\jli.dll
0x00007ffadf920000 - 0x00007ffadfad1000 	C:\windows\System32\USER32.dll
0x00007ffadef40000 - 0x00007ffadef66000 	C:\windows\System32\win32u.dll
0x00007ffaddd20000 - 0x00007ffaddfbb000 	C:\windows\WinSxS\amd64_microsoft.windows.common-controls_6595b64144ccf1df_6.0.22621.5547_none_27104afb73855772\COMCTL32.dll
0x00007ffae08e0000 - 0x00007ffae0909000 	C:\windows\System32\GDI32.dll
0x00007ffadf130000 - 0x00007ffadf253000 	C:\windows\System32\gdi32full.dll
0x00007ffae0b50000 - 0x00007ffae0bf7000 	C:\windows\System32\msvcrt.dll
0x00007ffadf640000 - 0x00007ffadf6da000 	C:\windows\System32\msvcp_win.dll
0x00007ffae0c00000 - 0x00007ffae0c31000 	C:\windows\System32\IMM32.DLL
0x00007ffac6c90000 - 0x00007ffac6c9c000 	C:\Users\kovvu\Downloads\eclipse-java-2025-12-R-win32-x86_64\eclipse\plugins\org.eclipse.justj.openjdk.hotspot.jre.full.win32.x86_64_21.0.9.v20251105-0741\jre\bin\vcruntime140_1.dll
0x00007ffa91020000 - 0x00007ffa910ad000 	C:\Users\kovvu\Downloads\eclipse-java-2025-12-R-win32-x86_64\eclipse\plugins\org.eclipse.justj.openjdk.hotspot.jre.full.win32.x86_64_21.0.9.v20251105-0741\jre\bin\msvcp140.dll
0x00007ffa962d0000 - 0x00007ffa97070000 	C:\Users\kovvu\Downloads\eclipse-java-2025-12-R-win32-x86_64\eclipse\plugins\org.eclipse.justj.openjdk.hotspot.jre.full.win32.x86_64_21.0.9.v20251105-0741\jre\bin\server\jvm.dll
0x00007ffae0820000 - 0x00007ffae08d1000 	C:\windows\System32\ADVAPI32.dll
0x00007ffae1950000 - 0x00007ffae19f8000 	C:\windows\System32\sechost.dll
0x00007ffadeb40000 - 0x00007ffadeb68000 	C:\windows\System32\bcrypt.dll
0x00007ffae0c50000 - 0x00007ffae0d64000 	C:\windows\System32\RPCRT4.dll
0x00007ffae0f80000 - 0x00007ffae0ff1000 	C:\windows\System32\WS2_32.dll
0x00007ffade7b0000 - 0x00007ffade7fd000 	C:\windows\SYSTEM32\POWRPROF.dll
0x00007ffad98c0000 - 0x00007ffad98f4000 	C:\windows\SYSTEM32\WINMM.dll
0x00007ffadd320000 - 0x00007ffadd32a000 	C:\windows\SYSTEM32\VERSION.dll
0x00007ffade790000 - 0x00007ffade7a3000 	C:\windows\SYSTEM32\UMPDC.dll
0x00007ffadcc30000 - 0x00007ffadcc48000 	C:\windows\SYSTEM32\kernel.appcore.dll
0x00007ffad99b0000 - 0x00007ffad99ba000 	C:\Users\kovvu\Downloads\eclipse-java-2025-12-R-win32-x86_64\eclipse\plugins\org.eclipse.justj.openjdk.hotspot.jre.full.win32.x86_64_21.0.9.v20251105-0741\jre\bin\jimage.dll
0x00007ffade3b0000 - 0x00007ffade5e3000 	C:\windows\SYSTEM32\DBGHELP.DLL
0x00007ffae1000000 - 0x00007ffae1393000 	C:\windows\System32\combase.dll
0x00007ffae0910000 - 0x00007ffae09e7000 	C:\windows\System32\OLEAUT32.dll
0x00007ffade2a0000 - 0x00007ffade2d2000 	C:\windows\SYSTEM32\dbgcore.DLL
0x00007ffadef70000 - 0x00007ffadefeb000 	C:\windows\System32\bcryptPrimitives.dll
0x00007fface210000 - 0x00007fface230000 	C:\Users\kovvu\Downloads\eclipse-java-2025-12-R-win32-x86_64\eclipse\plugins\org.eclipse.justj.openjdk.hotspot.jre.full.win32.x86_64_21.0.9.v20251105-0741\jre\bin\java.dll
0x00007ffadfc10000 - 0x00007ffae04b2000 	C:\windows\System32\SHELL32.dll
0x00007ffadeff0000 - 0x00007ffadf12f000 	C:\windows\System32\wintypes.dll
0x00007ffadbb00000 - 0x00007ffadc41d000 	C:\windows\SYSTEM32\windows.storage.dll
0x00007ffae0550000 - 0x00007ffae065c000 	C:\windows\System32\SHCORE.dll
0x00007ffae0d70000 - 0x00007ffae0dd9000 	C:\windows\System32\shlwapi.dll
0x00007ffadea70000 - 0x00007ffadea9b000 	C:\windows\SYSTEM32\profapi.dll
0x00007ffac8280000 - 0x00007ffac8298000 	C:\Users\kovvu\Downloads\eclipse-java-2025-12-R-win32-x86_64\eclipse\plugins\org.eclipse.justj.openjdk.hotspot.jre.full.win32.x86_64_21.0.9.v20251105-0741\jre\bin\zip.dll
0x00007ffad4d50000 - 0x00007ffad4d60000 	C:\Users\kovvu\Downloads\eclipse-java-2025-12-R-win32-x86_64\eclipse\plugins\org.eclipse.justj.openjdk.hotspot.jre.full.win32.x86_64_21.0.9.v20251105-0741\jre\bin\net.dll
0x00007ffad9be0000 - 0x00007ffad9d0c000 	C:\windows\SYSTEM32\WINHTTP.dll
0x00007ffadd020000 - 0x00007ffadd089000 	C:\windows\system32\mswsock.dll
0x00007ffac7fc0000 - 0x00007ffac7fd6000 	C:\Users\kovvu\Downloads\eclipse-java-2025-12-R-win32-x86_64\eclipse\plugins\org.eclipse.justj.openjdk.hotspot.jre.full.win32.x86_64_21.0.9.v20251105-0741\jre\bin\nio.dll
0x00007ffa90ca0000 - 0x00007ffa90e2f000 	C:\Users\kovvu\Downloads\eclipse-java-2025-12-R-win32-x86_64\eclipse\plugins\org.eclipse.justj.openjdk.hotspot.jre.full.win32.x86_64_21.0.9.v20251105-0741\jre\bin\awt.dll
0x00007ffad90e0000 - 0x00007ffad9177000 	C:\windows\SYSTEM32\apphelp.dll
0x00007ffadb550000 - 0x00007ffadb57e000 	C:\windows\system32\DWMAPI.DLL
0x00007ffadb2b0000 - 0x00007ffadb364000 	C:\windows\system32\uxtheme.dll
0x00007ffa9e5f0000 - 0x00007ffa9e6f0000 	C:\windows\system32\opengl32.dll
0x00007ffabe5f0000 - 0x00007ffabe61d000 	C:\windows\SYSTEM32\GLU32.dll
0x00007ffadb3e0000 - 0x00007ffadb417000 	C:\windows\SYSTEM32\dxcore.dll
0x00007ffae09f0000 - 0x00007ffae0b50000 	C:\windows\System32\MSCTF.dll
0x00007ffae0de0000 - 0x00007ffae0f80000 	C:\windows\System32\ole32.dll
0x00007ffabc240000 - 0x00007ffabc3e8000 	C:\windows\system32\d3d9.dll
0x00007ffad4b90000 - 0x00007ffad4d4b000 	C:\windows\System32\DriverStore\FileRepository\u0387389.inf_amd64_995be970e30b8c79\B385477\aticfx64.dll
0x00007ffaa1e10000 - 0x00007ffaa1e44000 	C:\windows\System32\DriverStore\FileRepository\u0387389.inf_amd64_995be970e30b8c79\B385477\atiu9p64.dll
0x00007ffa83f80000 - 0x00007ffa84cd5000 	C:\windows\System32\DriverStore\FileRepository\u0387389.inf_amd64_995be970e30b8c79\B385477\atiumd64.dll
0x000000005a310000 - 0x000000005b237000 	C:\windows\System32\DriverStore\FileRepository\u0387389.inf_amd64_995be970e30b8c79\B385477\atiumd6a.dll
0x00007ffae14c0000 - 0x00007ffae1934000 	C:\windows\System32\SETUPAPI.dll
0x00007ffad4a90000 - 0x00007ffad4ac5000 	C:\windows\SYSTEM32\amdihk64.dll
0x00007ffad62f0000 - 0x00007ffad633a000 	C:\windows\SYSTEM32\directxdatabasehelper.dll
0x00007ffa906b0000 - 0x00007ffa90737000 	C:\Users\kovvu\Downloads\eclipse-java-2025-12-R-win32-x86_64\eclipse\plugins\org.eclipse.justj.openjdk.hotspot.jre.full.win32.x86_64_21.0.9.v20251105-0741\jre\bin\freetype.dll
0x00007ffa8eb30000 - 0x00007ffa8ec22000 	C:\Users\kovvu\Downloads\eclipse-java-2025-12-R-win32-x86_64\eclipse\plugins\org.eclipse.justj.openjdk.hotspot.jre.full.win32.x86_64_21.0.9.v20251105-0741\jre\bin\fontmanager.dll
0x00007ffac4820000 - 0x00007ffac4966000 	C:\windows\SYSTEM32\textinputframework.dll
0x00007ffad8d80000 - 0x00007ffad8eb3000 	C:\windows\SYSTEM32\CoreMessaging.dll
0x00007ffad5c90000 - 0x00007ffad5ffc000 	C:\windows\SYSTEM32\CoreUIComponents.dll
0x00007ffadd270000 - 0x00007ffadd27c000 	C:\windows\SYSTEM32\CRYPTBASE.DLL
0x00007ffae0660000 - 0x00007ffae0710000 	C:\windows\System32\clbcatq.dll
0x00007ffadb020000 - 0x00007ffadb1d1000 	C:\windows\SYSTEM32\WindowsCodecs.dll
0x00007ffaba250000 - 0x00007ffaba2ae000 	C:\windows\system32\dataexchange.dll
0x00007ffad5030000 - 0x00007ffad52d6000 	C:\windows\system32\twinapi.appcore.dll
0x00007ffadc6a0000 - 0x00007ffadc798000 	C:\windows\SYSTEM32\DNSAPI.dll
0x00007ffadc670000 - 0x00007ffadc69d000 	C:\windows\SYSTEM32\IPHLPAPI.DLL
0x00007ffae0c40000 - 0x00007ffae0c49000 	C:\windows\System32\NSI.dll
0x00007ffad91c0000 - 0x00007ffad91ca000 	C:\Windows\System32\rasadhlp.dll
0x00007ffad93b0000 - 0x00007ffad9434000 	C:\windows\System32\fwpuclnt.dll
0x00007ffad68d0000 - 0x00007ffad68d9000 	C:\Users\kovvu\Downloads\eclipse-java-2025-12-R-win32-x86_64\eclipse\plugins\org.eclipse.justj.openjdk.hotspot.jre.full.win32.x86_64_21.0.9.v20251105-0741\jre\bin\extnet.dll

JVMTI agents: none

dbghelp: loaded successfully - version: 4.0.5 - missing functions: none
symbol engine: initialized successfully - sym options: 0x614 - pdb path: .;C:\Users\kovvu\Downloads\eclipse-java-2025-12-R-win32-x86_64\eclipse\plugins\org.eclipse.justj.openjdk.hotspot.jre.full.win32.x86_64_21.0.9.v20251105-0741\jre\bin;C:\windows\SYSTEM32;C:\windows\WinSxS\amd64_microsoft.windows.common-controls_6595b64144ccf1df_6.0.22621.5547_none_27104afb73855772;C:\Users\kovvu\Downloads\eclipse-java-2025-12-R-win32-x86_64\eclipse\plugins\org.eclipse.justj.openjdk.hotspot.jre.full.win32.x86_64_21.0.9.v20251105-0741\jre\bin\server;C:\windows\System32\DriverStore\FileRepository\u0387389.inf_amd64_995be970e30b8c79\B385477

VM Arguments:
jvm_args: -Dfile.encoding=UTF-8 -Dstdout.encoding=UTF-8 -Dstderr.encoding=UTF-8 -XX:+ShowCodeDetailsInExceptionMessages 
java_command: Main
java_class_path (initial): C:\Users\kovvu\eclipse-workspace\LibraryManagementSystem\bin;C:\Users\kovvu\Downloads\eclipse-java-2025-12-R-win32-x86_64.zip;C:\Users\kovvu\eclipse-workspace\LibraryManagementSystem\lib\mysql-connector-j-9.6.0.jar
Launcher Type: SUN_STANDARD

[Global flags]
     intx CICompilerCount                          = 4                                         {product} {ergonomic}
     uint ConcGCThreads                            = 3                                         {product} {ergonomic}
     uint G1ConcRefinementThreads                  = 10                                        {product} {ergonomic}
   size_t G1HeapRegionSize                         = 1048576                                   {product} {ergonomic}
    uintx GCDrainStackTargetSize                   = 64                                        {product} {ergonomic}
   size_t InitialHeapSize                          = 123731968                                 {product} {ergonomic}
   size_t MarkStackSize                            = 4194304                                   {product} {ergonomic}
   size_t MaxHeapSize                              = 1967128576                                {product} {ergonomic}
   size_t MaxNewSize                               = 1179648000                                {product} {ergonomic}
   size_t MinHeapDeltaBytes                        = 1048576                                   {product} {ergonomic}
   size_t MinHeapSize                              = 8388608                                   {product} {ergonomic}
    uintx NonNMethodCodeHeapSize                   = 5839372                                {pd product} {ergonomic}
    uintx NonProfiledCodeHeapSize                  = 122909434                              {pd product} {ergonomic}
    uintx ProfiledCodeHeapSize                     = 122909434                              {pd product} {ergonomic}
    uintx ReservedCodeCacheSize                    = 251658240                              {pd product} {ergonomic}
     bool SegmentedCodeCache                       = true                                      {product} {ergonomic}
     bool ShowCodeDetailsInExceptionMessages       = true                                   {manageable} {command line}
   size_t SoftMaxHeapSize                          = 1967128576                             {manageable} {ergonomic}
     bool UseCompressedOops                        = true                           {product lp64_product} {ergonomic}
     bool UseG1GC                                  = true                                      {product} {ergonomic}
     bool UseLargePagesIndividualAllocation        = false                                  {pd product} {ergonomic}

Logging:
Log output configuration:
 #0: stdout all=warning uptime,level,tags foldmultilines=false
 #1: stderr all=off uptime,level,tags foldmultilines=false

Release file:
JAVA_VERSION="21.0.9" 
MODULES="java.base java.compiler java.datatransfer java.xml java.prefs java.desktop java.instrument java.logging java.management java.security.sasl java.naming java.rmi java.management.rmi java.net.http java.scripting java.security.jgss java.transaction.xa java.sql java.sql.rowset java.xml.crypto java.se java.smartcardio jdk.accessibility jdk.internal.jvmstat jdk.attach jdk.charsets jdk.internal.opt jdk.zipfs jdk.compiler jdk.crypto.ec jdk.crypto.cryptoki jdk.crypto.mscapi jdk.dynalink jdk.internal.ed jdk.editpad jdk.hotspot.agent jdk.httpserver jdk.internal.le jdk.internal.vm.ci jdk.internal.vm.compiler jdk.internal.vm.compiler.management jdk.jartool jdk.javadoc jdk.jcmd jdk.management jdk.management.agent jdk.jconsole jdk.jdeps jdk.jdwp.agent jdk.jdi jdk.jfr jdk.jshell jdk.jsobject jdk.jstatd jdk.localedata jdk.management.jfr jdk.naming.dns jdk.naming.rmi jdk.net jdk.nio.mapmode jdk.random jdk.sctp jdk.security.auth jdk.security.jgss jdk.unsupported jdk.unsupported.desktop jdk.xml.dom" 

Environment Variables:
PATH=C:/Users/kovvu/Downloads/eclipse-java-2025-12-R-win32-x86_64/eclipse//plugins/org.eclipse.justj.openjdk.hotspot.jre.full.win32.x86_64_21.0.9.v20251105-0741/jre/bin/server;C:/Users/kovvu/Downloads/eclipse-java-2025-12-R-win32-x86_64/eclipse//plugins/org.eclipse.justj.openjdk.hotspot.jre.full.win32.x86_64_21.0.9.v20251105-0741/jre/bin;C:\Program Files\Common Files\Oracle\Java\javapath;C:\windows\system32;C:\windows;C:\windows\System32\Wbem;C:\windows\System32\WindowsPowerShell\v1.0\;C:\windows\System32\OpenSSH\;C:\Program Files\nodejs\;C:\Program Files\HP\HP One Agent;C:\Program Files\PuTTY\;C:\Program Files\Git\cmd;C:\Program Files\MongoDB;C:\Users\kovvu\AppData\Local\Microsoft\WindowsApps;C:\Users\kovvu\AppData\Local\Programs\Microsoft VS Code\bin;C:\Users\kovvu\AppData\Roaming\npm;C:\Program Files\nodejs;C:\Program Files\nodejs\node.exe;C:\Program Files\nodejs\node.exe;C:\Program Files\nodejs\;C:\Users\kovvu\AppData\Local\Programs\Python\Python312\Scripts;C:\Users\kovvu\AppData\Local\Programs\Python\Python312;;C:\Users\kovvu\Downloads\eclipse-java-2025-12-R-win32-x86_64\eclipse;
USERNAME=kovvu
OS=Windows_NT
PROCESSOR_IDENTIFIER=AMD64 Family 23 Model 104 Stepping 1, AuthenticAMD
TMP=C:\Users\kovvu\AppData\Local\Temp
TEMP=C:\Users\kovvu\AppData\Local\Temp




Periodic native trim disabled

---------------  S Y S T E M  ---------------

OS:
 Windows 11 , 64 bit Build 22621 (10.0.22621.5415)
OS uptime: 2 days 1:16 hours
Hyper-V role detected

CPU: total 12 (initial active 12) (12 cores per cpu, 2 threads per core) family 23 model 104 stepping 1 microcode 0x0, cx8, cmov, fxsr, ht, mmx, 3dnowpref, sse, sse2, sse3, ssse3, sse4a, sse4.1, sse4.2, popcnt, lzcnt, tsc, tscinvbit, avx, avx2, aes, clmul, bmi1, bmi2, adx, sha, fma, vzeroupper, clflush, clflushopt, hv, rdtscp, rdpid, f16c
Processor Information for processor 0
  Max Mhz: 2100, Current Mhz: 2100, Mhz Limit: 2100
Processor Information for processor 1
  Max Mhz: 2100, Current Mhz: 2100, Mhz Limit: 2100
Processor Information for processor 2
  Max Mhz: 2100, Current Mhz: 2100, Mhz Limit: 2100
Processor Information for processor 3
  Max Mhz: 2100, Current Mhz: 2100, Mhz Limit: 2100
Processor Information for processor 4
  Max Mhz: 2100, Current Mhz: 2100, Mhz Limit: 2100
Processor Information for processor 5
  Max Mhz: 2100, Current Mhz: 2100, Mhz Limit: 2100
Processor Information for processor 6
  Max Mhz: 2100, Current Mhz: 2100, Mhz Limit: 2100
Processor Information for processor 7
  Max Mhz: 2100, Current Mhz: 2100, Mhz Limit: 2100
Processor Information for processor 8
  Max Mhz: 2100, Current Mhz: 2100, Mhz Limit: 2100
Processor Information for processor 9
  Max Mhz: 2100, Current Mhz: 2100, Mhz Limit: 2100
Processor Information for processor 10
  Max Mhz: 2100, Current Mhz: 1813, Mhz Limit: 2100
Processor Information for processor 11
  Max Mhz: 2100, Current Mhz: 1813, Mhz Limit: 2100

Memory: 4k page, system-wide physical 7502M (323M free)
TotalPageFile size 16072M (AvailPageFile size 0M)
current process WorkingSet (physical memory assigned to process): 57M, peak: 149M
current process commit charge ("private bytes"): 283M, peak: 292M

vm_info: OpenJDK 64-Bit Server VM (21.0.9+10-LTS) for windows-amd64 JRE (21.0.9+10-LTS), built on 2025-10-21T00:00:00Z by "admin" with unknown MS VC++:1942

END.
